This is pdfTeX, Version 3.14159265-2.6-1.40.16 (TeX Live 2015/Debian) (preloaded format=pdflatex 2017.8.23)  14 SEP 2017 21:46
entering extended mode
 restricted \write18 enabled.
 %&-line parsing enabled.
**paper.tex
(./paper.tex
LaTeX2e <2016/02/01>
Babel <3.9q> and hyphenation patterns for 81 language(s) loaded.
(./IEEEtran.cls
Document Class: IEEEtran 2012/12/27 V1.8 by Michael Shell
-- See the "IEEEtran_HOWTO" manual for usage information.
-- http://www.michaelshell.org/tex/ieeetran/
\@IEEEtrantmpdimenA=\dimen102
\@IEEEtrantmpdimenB=\dimen103
\@IEEEtrantmpcountA=\count79
\@IEEEtrantmpcountB=\count80
\@IEEEtrantmptoksA=\toks14
LaTeX Font Info:    Try loading font information for OT1+ptm on input line 368.

(/usr/share/texlive/texmf-dist/tex/latex/psnfss/ot1ptm.fd
File: ot1ptm.fd 2001/06/04 font definitions for OT1/ptm.
)
-- Using 8.5in x 11in (letter) paper.
-- Using PDF output.
\@IEEEnormalsizeunitybaselineskip=\dimen104
-- This is a 10 point document.
\CLASSINFOnormalsizebaselineskip=\dimen105
\CLASSINFOnormalsizeunitybaselineskip=\dimen106
\IEEEnormaljot=\dimen107
LaTeX Font Info:    Font shape `OT1/ptm/bx/n' in size <5> not available
(Font)              Font shape `OT1/ptm/b/n' tried instead on input line 726.
LaTeX Font Info:    Font shape `OT1/ptm/bx/it' in size <5> not available
(Font)              Font shape `OT1/ptm/b/it' tried instead on input line 726.
LaTeX Font Info:    Font shape `OT1/ptm/bx/n' in size <7> not available
(Font)              Font shape `OT1/ptm/b/n' tried instead on input line 726.
LaTeX Font Info:    Font shape `OT1/ptm/bx/it' in size <7> not available
(Font)              Font shape `OT1/ptm/b/it' tried instead on input line 726.
LaTeX Font Info:    Font shape `OT1/ptm/bx/n' in size <8> not available
(Font)              Font shape `OT1/ptm/b/n' tried instead on input line 726.
LaTeX Font Info:    Font shape `OT1/ptm/bx/it' in size <8> not available
(Font)              Font shape `OT1/ptm/b/it' tried instead on input line 726.
LaTeX Font Info:    Font shape `OT1/ptm/bx/n' in size <9> not available
(Font)              Font shape `OT1/ptm/b/n' tried instead on input line 726.
LaTeX Font Info:    Font shape `OT1/ptm/bx/it' in size <9> not available
(Font)              Font shape `OT1/ptm/b/it' tried instead on input line 726.
LaTeX Font Info:    Font shape `OT1/ptm/bx/n' in size <10> not available
(Font)              Font shape `OT1/ptm/b/n' tried instead on input line 726.
LaTeX Font Info:    Font shape `OT1/ptm/bx/it' in size <10> not available
(Font)              Font shape `OT1/ptm/b/it' tried instead on input line 726.
LaTeX Font Info:    Font shape `OT1/ptm/bx/n' in size <11> not available
(Font)              Font shape `OT1/ptm/b/n' tried instead on input line 726.
LaTeX Font Info:    Font shape `OT1/ptm/bx/it' in size <11> not available
(Font)              Font shape `OT1/ptm/b/it' tried instead on input line 726.
LaTeX Font Info:    Font shape `OT1/ptm/bx/n' in size <12> not available
(Font)              Font shape `OT1/ptm/b/n' tried instead on input line 726.
LaTeX Font Info:    Font shape `OT1/ptm/bx/it' in size <12> not available
(Font)              Font shape `OT1/ptm/b/it' tried instead on input line 726.
LaTeX Font Info:    Font shape `OT1/ptm/bx/n' in size <17> not available
(Font)              Font shape `OT1/ptm/b/n' tried instead on input line 726.
LaTeX Font Info:    Font shape `OT1/ptm/bx/it' in size <17> not available
(Font)              Font shape `OT1/ptm/b/it' tried instead on input line 726.
LaTeX Font Info:    Font shape `OT1/ptm/bx/n' in size <20> not available
(Font)              Font shape `OT1/ptm/b/n' tried instead on input line 726.
LaTeX Font Info:    Font shape `OT1/ptm/bx/it' in size <20> not available
(Font)              Font shape `OT1/ptm/b/it' tried instead on input line 726.
LaTeX Font Info:    Font shape `OT1/ptm/bx/n' in size <24> not available
(Font)              Font shape `OT1/ptm/b/n' tried instead on input line 726.
LaTeX Font Info:    Font shape `OT1/ptm/bx/it' in size <24> not available
(Font)              Font shape `OT1/ptm/b/it' tried instead on input line 726.
\IEEEilabelindentA=\dimen108
\IEEEilabelindentB=\dimen109
\IEEEilabelindent=\dimen110
\IEEEelabelindent=\dimen111
\IEEEdlabelindent=\dimen112
\IEEElabelindent=\dimen113
\IEEEiednormlabelsep=\dimen114
\IEEEiedmathlabelsep=\dimen115
\IEEEiedtopsep=\skip41
\c@section=\count81
\c@subsection=\count82
\c@subsubsection=\count83
\c@paragraph=\count84
\c@IEEEsubequation=\count85
\abovecaptionskip=\skip42
\belowcaptionskip=\skip43
\c@figure=\count86
\c@table=\count87
\@IEEEeqnnumcols=\count88
\@IEEEeqncolcnt=\count89
\@IEEEsubeqnnumrollback=\count90
\@IEEEtmpitemindent=\dimen116
\c@IEEEbiography=\count91
\@IEEEtranrubishbin=\box26
) (/usr/share/texlive/texmf-dist/tex/latex/graphics/graphicx.sty
Package: graphicx 2014/10/28 v1.0g Enhanced LaTeX Graphics (DPC,SPQR)

(/usr/share/texlive/texmf-dist/tex/latex/graphics/keyval.sty
Package: keyval 2014/10/28 v1.15 key=value parser (DPC)
\KV@toks@=\toks15
)
(/usr/share/texlive/texmf-dist/tex/latex/graphics/graphics.sty
Package: graphics 2016/01/03 v1.0q Standard LaTeX Graphics (DPC,SPQR)

(/usr/share/texlive/texmf-dist/tex/latex/graphics/trig.sty
Package: trig 2016/01/03 v1.10 sin cos tan (DPC)
)
(/usr/share/texlive/texmf-dist/tex/latex/latexconfig/graphics.cfg
File: graphics.cfg 2010/04/23 v1.9 graphics configuration of TeX Live
)
Package graphics Info: Driver file: pdftex.def on input line 95.

(/usr/share/texlive/texmf-dist/tex/latex/pdftex-def/pdftex.def
File: pdftex.def 2011/05/27 v0.06d Graphics/color for pdfTeX

(/usr/share/texlive/texmf-dist/tex/generic/oberdiek/infwarerr.sty
Package: infwarerr 2010/04/08 v1.3 Providing info/warning/error messages (HO)
)
(/usr/share/texlive/texmf-dist/tex/generic/oberdiek/ltxcmds.sty
Package: ltxcmds 2011/11/09 v1.22 LaTeX kernel commands for general use (HO)
)
\Gread@gobject=\count92
))
\Gin@req@height=\dimen117
\Gin@req@width=\dimen118
)
(/usr/share/texlive/texmf-dist/tex/latex/amsfonts/amssymb.sty
Package: amssymb 2013/01/14 v3.01 AMS font symbols

(/usr/share/texlive/texmf-dist/tex/latex/amsfonts/amsfonts.sty
Package: amsfonts 2013/01/14 v3.01 Basic AMSFonts support
\@emptytoks=\toks16
\symAMSa=\mathgroup4
\symAMSb=\mathgroup5
LaTeX Font Info:    Overwriting math alphabet `\mathfrak' in version `bold'
(Font)                  U/euf/m/n --> U/euf/b/n on input line 106.
))
(/usr/share/texlive/texmf-dist/tex/latex/amsmath/amsmath.sty
Package: amsmath 2016/03/03 v2.15a AMS math features
\@mathmargin=\skip44

For additional information on amsmath, use the `?' option.
(/usr/share/texlive/texmf-dist/tex/latex/amsmath/amstext.sty
Package: amstext 2000/06/29 v2.01 AMS text

(/usr/share/texlive/texmf-dist/tex/latex/amsmath/amsgen.sty
File: amsgen.sty 1999/11/30 v2.0 generic functions
\@emptytoks=\toks17
\ex@=\dimen119
))
(/usr/share/texlive/texmf-dist/tex/latex/amsmath/amsbsy.sty
Package: amsbsy 1999/11/29 v1.2d Bold Symbols
\pmbraise@=\dimen120
)
(/usr/share/texlive/texmf-dist/tex/latex/amsmath/amsopn.sty
Package: amsopn 1999/12/14 v2.01 operator names
)
\inf@bad=\count93
LaTeX Info: Redefining \frac on input line 199.
\uproot@=\count94
\leftroot@=\count95
LaTeX Info: Redefining \overline on input line 297.
\classnum@=\count96
\DOTSCASE@=\count97
LaTeX Info: Redefining \ldots on input line 394.
LaTeX Info: Redefining \dots on input line 397.
LaTeX Info: Redefining \cdots on input line 518.
\Mathstrutbox@=\box27
\strutbox@=\box28
\big@size=\dimen121
LaTeX Font Info:    Redeclaring font encoding OML on input line 630.
LaTeX Font Info:    Redeclaring font encoding OMS on input line 631.
\macc@depth=\count98
\c@MaxMatrixCols=\count99
\dotsspace@=\muskip10
\c@parentequation=\count100
\dspbrk@lvl=\count101
\tag@help=\toks18
\row@=\count102
\column@=\count103
\maxfields@=\count104
\andhelp@=\toks19
\eqnshift@=\dimen122
\alignsep@=\dimen123
\tagshift@=\dimen124
\tagwidth@=\dimen125
\totwidth@=\dimen126
\lineht@=\dimen127
\@envbody=\toks20
\multlinegap=\skip45
\multlinetaggap=\skip46
\mathdisplay@stack=\toks21
LaTeX Info: Redefining \[ on input line 2735.
LaTeX Info: Redefining \] on input line 2736.
)
(/usr/share/texlive/texmf-dist/tex/latex/adjustbox/adjustbox.sty
Package: adjustbox 2012/05/21 v1.0 Adjusting TeX boxes (trim, clip, ...)

(/usr/share/texlive/texmf-dist/tex/latex/xkeyval/xkeyval.sty
Package: xkeyval 2014/12/03 v2.7a package option processing (HA)

(/usr/share/texlive/texmf-dist/tex/generic/xkeyval/xkeyval.tex
(/usr/share/texlive/texmf-dist/tex/generic/xkeyval/xkvutils.tex
\XKV@toks=\toks22
\XKV@tempa@toks=\toks23
)
\XKV@depth=\count105
File: xkeyval.tex 2014/12/03 v2.7a key=value parser (HA)
))
(/usr/share/texlive/texmf-dist/tex/latex/adjustbox/adjcalc.sty
Package: adjcalc 2012/05/16 v1.1 Provides advanced setlength with multiple back
-ends (calc, etex, pgfmath)
)
(/usr/share/texlive/texmf-dist/tex/latex/adjustbox/trimclip.sty
Package: trimclip 2012/05/16 v1.0 Trim and clip general TeX material

(/usr/share/texlive/texmf-dist/tex/latex/collectbox/collectbox.sty
Package: collectbox 2012/05/17 v0.4b Collect macro arguments as boxes
\collectedbox=\box29
)
\tc@llx=\dimen128
\tc@lly=\dimen129
\tc@urx=\dimen130
\tc@ury=\dimen131
Package trimclip Info: Using driver 'tc-pdftex.def'.

(/usr/share/texlive/texmf-dist/tex/latex/adjustbox/tc-pdftex.def
File: tc-pdftex.def 2012/05/13 v1.0 Clipping driver for pdftex
))
\adjbox@Width=\dimen132
\adjbox@Height=\dimen133
\adjbox@Depth=\dimen134
\adjbox@Totalheight=\dimen135

(/usr/share/texlive/texmf-dist/tex/latex/ifoddpage/ifoddpage.sty
Package: ifoddpage 2011/09/13 v1.0 Conditionals for odd/even page detection
\c@checkoddpage=\count106
)
(/usr/share/texlive/texmf-dist/tex/latex/varwidth/varwidth.sty
Package: varwidth 2009/03/30 ver 0.92;  Variable-width minipages
\@vwid@box=\box30
\sift@deathcycles=\count107
\@vwid@loff=\dimen136
\@vwid@roff=\dimen137
))
(/usr/share/texlive/texmf-dist/tex/latex/url/url.sty
\Urlmuskip=\muskip11
Package: url 2013/09/16  ver 3.4  Verb mode for urls, etc.
) (./paper.aux)
\openout1 = `paper.aux'.

LaTeX Font Info:    Checking defaults for OML/cmm/m/it on input line 67.
LaTeX Font Info:    ... okay on input line 67.
LaTeX Font Info:    Checking defaults for T1/cmr/m/n on input line 67.
LaTeX Font Info:    ... okay on input line 67.
LaTeX Font Info:    Checking defaults for OT1/cmr/m/n on input line 67.
LaTeX Font Info:    ... okay on input line 67.
LaTeX Font Info:    Checking defaults for OMS/cmsy/m/n on input line 67.
LaTeX Font Info:    ... okay on input line 67.
LaTeX Font Info:    Checking defaults for OMX/cmex/m/n on input line 67.
LaTeX Font Info:    ... okay on input line 67.
LaTeX Font Info:    Checking defaults for U/cmr/m/n on input line 67.
LaTeX Font Info:    ... okay on input line 67.

(/usr/share/texlive/texmf-dist/tex/context/base/supp-pdf.mkii
[Loading MPS to PDF converter (version 2006.09.02).]
\scratchcounter=\count108
\scratchdimen=\dimen138
\scratchbox=\box31
\nofMPsegments=\count109
\nofMParguments=\count110
\everyMPshowfont=\toks24
\MPscratchCnt=\count111
\MPscratchDim=\dimen139
\MPnumerator=\count112
\makeMPintoPDFobject=\count113
\everyMPtoPDFconversion=\toks25
) (/usr/share/texlive/texmf-dist/tex/generic/oberdiek/pdftexcmds.sty
Package: pdftexcmds 2011/11/29 v0.20 Utility functions of pdfTeX for LuaTeX (HO
)

(/usr/share/texlive/texmf-dist/tex/generic/oberdiek/ifluatex.sty
Package: ifluatex 2010/03/01 v1.3 Provides the ifluatex switch (HO)
Package ifluatex Info: LuaTeX not detected.
)
(/usr/share/texlive/texmf-dist/tex/generic/oberdiek/ifpdf.sty
Package: ifpdf 2011/01/30 v2.3 Provides the ifpdf switch (HO)
Package ifpdf Info: pdfTeX in PDF mode is detected.
)
Package pdftexcmds Info: LuaTeX not detected.
Package pdftexcmds Info: \pdf@primitive is available.
Package pdftexcmds Info: \pdf@ifprimitive is available.
Package pdftexcmds Info: \pdfdraftmode found.
)
(/usr/share/texlive/texmf-dist/tex/latex/oberdiek/epstopdf-base.sty
Package: epstopdf-base 2010/02/09 v2.5 Base part for package epstopdf

(/usr/share/texlive/texmf-dist/tex/latex/oberdiek/grfext.sty
Package: grfext 2010/08/19 v1.1 Manage graphics extensions (HO)

(/usr/share/texlive/texmf-dist/tex/generic/oberdiek/kvdefinekeys.sty
Package: kvdefinekeys 2011/04/07 v1.3 Define keys (HO)
))
(/usr/share/texlive/texmf-dist/tex/latex/oberdiek/kvoptions.sty
Package: kvoptions 2011/06/30 v3.11 Key value format for package options (HO)

(/usr/share/texlive/texmf-dist/tex/generic/oberdiek/kvsetkeys.sty
Package: kvsetkeys 2012/04/25 v1.16 Key value parser (HO)

(/usr/share/texlive/texmf-dist/tex/generic/oberdiek/etexcmds.sty
Package: etexcmds 2011/02/16 v1.5 Avoid name clashes with e-TeX commands (HO)
Package etexcmds Info: Could not find \expanded.
(etexcmds)             That can mean that you are not using pdfTeX 1.50 or
(etexcmds)             that some package has redefined \expanded.
(etexcmds)             In the latter case, load this package earlier.
)))
Package grfext Info: Graphics extension search list:
(grfext)             [.png,.pdf,.jpg,.mps,.jpeg,.jbig2,.jb2,.PNG,.PDF,.JPG,.JPE
G,.JBIG2,.JB2,.eps]
(grfext)             \AppendGraphicsExtensions on input line 452.

(/usr/share/texlive/texmf-dist/tex/latex/latexconfig/epstopdf-sys.cfg
File: epstopdf-sys.cfg 2010/07/13 v1.3 Configuration of (r)epstopdf for TeX Liv
e
))
LaTeX Font Info:    Try loading font information for U+msa on input line 145.

(/usr/share/texlive/texmf-dist/tex/latex/amsfonts/umsa.fd
File: umsa.fd 2013/01/14 v3.01 AMS symbols A
)
LaTeX Font Info:    Try loading font information for U+msb on input line 145.

(/usr/share/texlive/texmf-dist/tex/latex/amsfonts/umsb.fd
File: umsb.fd 2013/01/14 v3.01 AMS symbols B
)
<images/figure1/n01496331_7428_f1.png, id=1, 256.96pt x 256.96pt>
File: images/figure1/n01496331_7428_f1.png Graphic file (type png)

<use images/figure1/n01496331_7428_f1.png>
Package pdftex.def Info: images/figure1/n01496331_7428_f1.png used on input lin
e 147.
(pdftex.def)             Requested size: 57.81621pt x 57.81349pt.

Overfull \hbox (9.44662pt too wide) in paragraph at lines 147--147
[][]| 
 []

<images/figure1/n01496331_16340_f1.png, id=2, 256.96pt x 256.96pt>
File: images/figure1/n01496331_16340_f1.png Graphic file (type png)

<use images/figure1/n01496331_16340_f1.png>
Package pdftex.def Info: images/figure1/n01496331_16340_f1.png used on input li
ne 148.
(pdftex.def)             Requested size: 57.81621pt x 57.81349pt.

Overfull \hbox (9.44662pt too wide) in paragraph at lines 148--148
[][]| 
 []

<images/figure1/n01914609_5148_f1.png, id=3, 256.96pt x 256.96pt>
File: images/figure1/n01914609_5148_f1.png Graphic file (type png)

<use images/figure1/n01914609_5148_f1.png>
Package pdftex.def Info: images/figure1/n01914609_5148_f1.png used on input lin
e 149.
(pdftex.def)             Requested size: 57.81621pt x 57.81349pt.

Overfull \hbox (9.44662pt too wide) in paragraph at lines 149--149
[][]| 
 []

<images/figure1/robot_f1.png, id=4, 256.96pt x 256.96pt>
File: images/figure1/robot_f1.png Graphic file (type png)

<use images/figure1/robot_f1.png>
Package pdftex.def Info: images/figure1/robot_f1.png used on input line 150.
(pdftex.def)             Requested size: 57.81621pt x 57.81349pt.

Overfull \hbox (9.44662pt too wide) in paragraph at lines 150--151
[][]| 
 []

<images/figure1/n01664065_30279_f1.png, id=5, 256.96pt x 256.96pt>
File: images/figure1/n01664065_30279_f1.png Graphic file (type png)

<use images/figure1/n01664065_30279_f1.png>
Package pdftex.def Info: images/figure1/n01664065_30279_f1.png used on input li
ne 151.
(pdftex.def)             Requested size: 57.81621pt x 57.81349pt.

Overfull \hbox (9.44662pt too wide) in paragraph at lines 151--151
[][]| 
 []

<images/figure1/n01917289_5711_f1.png, id=6, 256.96pt x 256.96pt>
File: images/figure1/n01917289_5711_f1.png Graphic file (type png)

<use images/figure1/n01917289_5711_f1.png>
Package pdftex.def Info: images/figure1/n01917289_5711_f1.png used on input lin
e 152.
(pdftex.def)             Requested size: 57.81621pt x 57.81349pt.

Overfull \hbox (9.44662pt too wide) in paragraph at lines 152--152
[][]| 
 []

<images/figure1/n01917289_4087_f1.png, id=7, 256.96pt x 256.96pt>
File: images/figure1/n01917289_4087_f1.png Graphic file (type png)

<use images/figure1/n01917289_4087_f1.png>
Package pdftex.def Info: images/figure1/n01917289_4087_f1.png used on input lin
e 153.
(pdftex.def)             Requested size: 57.81621pt x 57.81349pt.

Overfull \hbox (9.44662pt too wide) in paragraph at lines 153--153
[][]| 
 []

<images/figure1/n02607072_10395_f1.png, id=8, 256.96pt x 256.96pt>
File: images/figure1/n02607072_10395_f1.png Graphic file (type png)

<use images/figure1/n02607072_10395_f1.png>
Package pdftex.def Info: images/figure1/n02607072_10395_f1.png used on input li
ne 154.
(pdftex.def)             Requested size: 57.81621pt x 57.81349pt.

Overfull \hbox (9.44662pt too wide) in paragraph at lines 154--155
[][]| 
 []

[1{/var/lib/texmf/fonts/map/pdftex/updmap/pdftex.map}


 <./images/figure1/n01496331_7428_f1.png (PNG copy)> <./images/figure1/n0149633
1_16340_f1.png (PNG copy)> <./images/figure1/n01914609_5148_f1.png (PNG copy)> 
<./images/figure1/robot_f1.png> <./images/figure1/n01664065_30279_f1.png (PNG c
opy)> <./images/figure1/n01917289_5711_f1.png (PNG copy)> <./images/figure1/n01
917289_4087_f1.png (PNG copy)> <./images/figure1/n02607072_10395_f1.png (PNG co
py)>]
Underfull \hbox (badness 3219) in paragraph at lines 214--218
\OT1/ptm/m/n/10 non-distorted un-der-wa-ter im-ages. In the orig-i-nal GAN
 []


Underfull \hbox (badness 10000) in paragraph at lines 214--218

 []

<images/figure2/n01496331_873_X.jpg, id=18, 256.96pt x 256.96pt>
File: images/figure2/n01496331_873_X.jpg Graphic file (type jpg)

<use images/figure2/n01496331_873_X.jpg>
Package pdftex.def Info: images/figure2/n01496331_873_X.jpg used on input line 
223.
(pdftex.def)             Requested size: 57.81621pt x 57.81349pt.

Overfull \hbox (9.44662pt too wide) in paragraph at lines 223--223
[][]| 
 []

<images/figure2/n01664065_4022_X.jpg, id=19, 256.96pt x 256.96pt>
File: images/figure2/n01664065_4022_X.jpg Graphic file (type jpg)

<use images/figure2/n01664065_4022_X.jpg>
Package pdftex.def Info: images/figure2/n01664065_4022_X.jpg used on input line
 224.
(pdftex.def)             Requested size: 57.81621pt x 57.81349pt.

Overfull \hbox (9.44662pt too wide) in paragraph at lines 224--224
[][]| 
 []

<images/figure2/n01917289_889_X.jpg, id=20, 256.96pt x 256.96pt>
File: images/figure2/n01917289_889_X.jpg Graphic file (type jpg)

<use images/figure2/n01917289_889_X.jpg>
Package pdftex.def Info: images/figure2/n01917289_889_X.jpg used on input line 
225.
(pdftex.def)             Requested size: 57.81621pt x 57.81349pt.

Overfull \hbox (9.44662pt too wide) in paragraph at lines 225--225
[][]| 
 []

<images/figure2/n01914609_116_X.jpg, id=21, 256.96pt x 256.96pt>
File: images/figure2/n01914609_116_X.jpg Graphic file (type jpg)

<use images/figure2/n01914609_116_X.jpg>
Package pdftex.def Info: images/figure2/n01914609_116_X.jpg used on input line 
226.
(pdftex.def)             Requested size: 57.81621pt x 57.81349pt.

Overfull \hbox (9.44662pt too wide) in paragraph at lines 226--227
[][]| 
 []

<images/figure2/n01496331_873_Y.jpg, id=22, 256.96pt x 256.96pt>
File: images/figure2/n01496331_873_Y.jpg Graphic file (type jpg)

<use images/figure2/n01496331_873_Y.jpg>
Package pdftex.def Info: images/figure2/n01496331_873_Y.jpg used on input line 
227.
(pdftex.def)             Requested size: 57.81621pt x 57.81349pt.

Overfull \hbox (9.44662pt too wide) in paragraph at lines 227--227
[][]| 
 []

<images/figure2/n01664065_4022_Y.jpg, id=23, 256.96pt x 256.96pt>
File: images/figure2/n01664065_4022_Y.jpg Graphic file (type jpg)

<use images/figure2/n01664065_4022_Y.jpg>
Package pdftex.def Info: images/figure2/n01664065_4022_Y.jpg used on input line
 228.
(pdftex.def)             Requested size: 57.81621pt x 57.81349pt.

Overfull \hbox (9.44662pt too wide) in paragraph at lines 228--228
[][]| 
 []

<images/figure2/n01917289_889_Y.jpg, id=24, 256.96pt x 256.96pt>
File: images/figure2/n01917289_889_Y.jpg Graphic file (type jpg)

<use images/figure2/n01917289_889_Y.jpg>
Package pdftex.def Info: images/figure2/n01917289_889_Y.jpg used on input line 
229.
(pdftex.def)             Requested size: 57.81621pt x 57.81349pt.

Overfull \hbox (9.44662pt too wide) in paragraph at lines 229--229
[][]| 
 []

<images/figure2/n01914609_116_Y.jpg, id=25, 256.96pt x 256.96pt>
File: images/figure2/n01914609_116_Y.jpg Graphic file (type jpg)

<use images/figure2/n01914609_116_Y.jpg>
Package pdftex.def Info: images/figure2/n01914609_116_Y.jpg used on input line 
230.
(pdftex.def)             Requested size: 57.81621pt x 57.81349pt.

Overfull \hbox (9.44662pt too wide) in paragraph at lines 230--231
[][]| 
 []

[2 <./images/figure2/n01496331_873_X.jpg> <./images/figure2/n01664065_4022_X.jp
g> <./images/figure2/n01917289_889_X.jpg> <./images/figure2/n01914609_116_X.jpg
> <./images/figure2/n01496331_873_Y.jpg> <./images/figure2/n01664065_4022_Y.jpg
> <./images/figure2/n01917289_889_Y.jpg> <./images/figure2/n01914609_116_Y.jpg>
] [3] <images/n01917289_4982_real.png, id=43, 256.96pt x 256.96pt>
File: images/n01917289_4982_real.png Graphic file (type png)

<use images/n01917289_4982_real.png>
Package pdftex.def Info: images/n01917289_4982_real.png used on input line 383.

(pdftex.def)             Requested size: 57.81621pt x 57.81349pt.

Overfull \hbox (9.44662pt too wide) in paragraph at lines 383--383
[][]| 
 []

<images/n01917289_4982_gen_0.png, id=44, 256.96pt x 256.96pt>
File: images/n01917289_4982_gen_0.png Graphic file (type png)

<use images/n01917289_4982_gen_0.png>
Package pdftex.def Info: images/n01917289_4982_gen_0.png used on input line 384
.
(pdftex.def)             Requested size: 57.81621pt x 57.81349pt.

Overfull \hbox (9.44662pt too wide) in paragraph at lines 384--384
[][]| 
 []

<images/n01917289_4982_gen_1.png, id=45, 256.96pt x 256.96pt>
File: images/n01917289_4982_gen_1.png Graphic file (type png)

<use images/n01917289_4982_gen_1.png>
Package pdftex.def Info: images/n01917289_4982_gen_1.png used on input line 385
.
(pdftex.def)             Requested size: 57.81621pt x 57.81349pt.

Overfull \hbox (9.44662pt too wide) in paragraph at lines 385--386
[][]| 
 []

<images/n01496331_16340_real.png, id=46, 256.96pt x 256.96pt>
File: images/n01496331_16340_real.png Graphic file (type png)

<use images/n01496331_16340_real.png>
Package pdftex.def Info: images/n01496331_16340_real.png used on input line 387
.
(pdftex.def)             Requested size: 57.81621pt x 57.81349pt.

Overfull \hbox (9.44662pt too wide) in paragraph at lines 387--387
[][]| 
 []

<images/n01496331_16340_gen_0.png, id=47, 256.96pt x 256.96pt>
File: images/n01496331_16340_gen_0.png Graphic file (type png)

<use images/n01496331_16340_gen_0.png>
Package pdftex.def Info: images/n01496331_16340_gen_0.png used on input line 38
8.
(pdftex.def)             Requested size: 57.81621pt x 57.81349pt.

Overfull \hbox (9.44662pt too wide) in paragraph at lines 388--388
[][]| 
 []

<images/n01496331_16340_gen_1.png, id=48, 256.96pt x 256.96pt>
File: images/n01496331_16340_gen_1.png Graphic file (type png)

<use images/n01496331_16340_gen_1.png>
Package pdftex.def Info: images/n01496331_16340_gen_1.png used on input line 38
9.
(pdftex.def)             Requested size: 57.81621pt x 57.81349pt.

Overfull \hbox (9.44662pt too wide) in paragraph at lines 389--390
[][]| 
 []

<images/n01496331_22183_real.png, id=49, 256.96pt x 256.96pt>
File: images/n01496331_22183_real.png Graphic file (type png)

<use images/n01496331_22183_real.png>
Package pdftex.def Info: images/n01496331_22183_real.png used on input line 391
.
(pdftex.def)             Requested size: 57.81621pt x 57.81349pt.

Overfull \hbox (9.44662pt too wide) in paragraph at lines 391--391
[][]| 
 []

<images/n01496331_22183_gen_0.png, id=50, 256.96pt x 256.96pt>
File: images/n01496331_22183_gen_0.png Graphic file (type png)

<use images/n01496331_22183_gen_0.png>
Package pdftex.def Info: images/n01496331_22183_gen_0.png used on input line 39
2.
(pdftex.def)             Requested size: 57.81621pt x 57.81349pt.

Overfull \hbox (9.44662pt too wide) in paragraph at lines 392--392
[][]| 
 []

<images/n01496331_22183_gen_1.png, id=51, 256.96pt x 256.96pt>
File: images/n01496331_22183_gen_1.png Graphic file (type png)

<use images/n01496331_22183_gen_1.png>
Package pdftex.def Info: images/n01496331_22183_gen_1.png used on input line 39
3.
(pdftex.def)             Requested size: 57.81621pt x 57.81349pt.

Overfull \hbox (9.44662pt too wide) in paragraph at lines 393--394
[][]| 
 []

<images/n01664065_29738_real.png, id=52, 256.96pt x 256.96pt>
File: images/n01664065_29738_real.png Graphic file (type png)

<use images/n01664065_29738_real.png>
Package pdftex.def Info: images/n01664065_29738_real.png used on input line 395
.
(pdftex.def)             Requested size: 57.81621pt x 57.81349pt.

Overfull \hbox (9.44662pt too wide) in paragraph at lines 395--395
[][]| 
 []

<images/n01664065_29738_gen_0.png, id=53, 256.96pt x 256.96pt>
File: images/n01664065_29738_gen_0.png Graphic file (type png)

<use images/n01664065_29738_gen_0.png>
Package pdftex.def Info: images/n01664065_29738_gen_0.png used on input line 39
6.
(pdftex.def)             Requested size: 57.81621pt x 57.81349pt.

Overfull \hbox (9.44662pt too wide) in paragraph at lines 396--396
[][]| 
 []

<images/n01664065_29738_gen_1.png, id=54, 256.96pt x 256.96pt>
File: images/n01664065_29738_gen_1.png Graphic file (type png)

<use images/n01664065_29738_gen_1.png>
Package pdftex.def Info: images/n01664065_29738_gen_1.png used on input line 39
7.
(pdftex.def)             Requested size: 57.81621pt x 57.81349pt.

Overfull \hbox (9.44662pt too wide) in paragraph at lines 397--398
[][]| 
 []

<images/n01496331_11938_real.png, id=55, 256.96pt x 256.96pt>
File: images/n01496331_11938_real.png Graphic file (type png)

<use images/n01496331_11938_real.png>
Package pdftex.def Info: images/n01496331_11938_real.png used on input line 399
.
(pdftex.def)             Requested size: 57.81621pt x 57.81349pt.

Overfull \hbox (9.44662pt too wide) in paragraph at lines 399--399
[][]| 
 []

<images/n01496331_11938_gen_0.png, id=56, 256.96pt x 256.96pt>
File: images/n01496331_11938_gen_0.png Graphic file (type png)

<use images/n01496331_11938_gen_0.png>
Package pdftex.def Info: images/n01496331_11938_gen_0.png used on input line 40
0.
(pdftex.def)             Requested size: 57.81621pt x 57.81349pt.

Overfull \hbox (9.44662pt too wide) in paragraph at lines 400--400
[][]| 
 []

<images/n01496331_11938_gen_1.png, id=57, 256.96pt x 256.96pt>
File: images/n01496331_11938_gen_1.png Graphic file (type png)

<use images/n01496331_11938_gen_1.png>
Package pdftex.def Info: images/n01496331_11938_gen_1.png used on input line 40
1.
(pdftex.def)             Requested size: 57.81621pt x 57.81349pt.

Overfull \hbox (9.44662pt too wide) in paragraph at lines 401--402
[][]| 
 []

<images/n02606052_2969_real.png, id=58, 256.96pt x 256.96pt>
File: images/n02606052_2969_real.png Graphic file (type png)

<use images/n02606052_2969_real.png>
Package pdftex.def Info: images/n02606052_2969_real.png used on input line 403.

(pdftex.def)             Requested size: 57.81621pt x 57.81349pt.

Overfull \hbox (9.44662pt too wide) in paragraph at lines 403--403
[][]| 
 []

<images/n02606052_2969_gen_0.png, id=59, 256.96pt x 256.96pt>
File: images/n02606052_2969_gen_0.png Graphic file (type png)

<use images/n02606052_2969_gen_0.png>
Package pdftex.def Info: images/n02606052_2969_gen_0.png used on input line 404
.
(pdftex.def)             Requested size: 57.81621pt x 57.81349pt.

Overfull \hbox (9.44662pt too wide) in paragraph at lines 404--404
[][]| 
 []

<images/n02606052_2969_gen_1.png, id=60, 256.96pt x 256.96pt>
File: images/n02606052_2969_gen_1.png Graphic file (type png)

<use images/n02606052_2969_gen_1.png>
Package pdftex.def Info: images/n02606052_2969_gen_1.png used on input line 405
.
(pdftex.def)             Requested size: 57.81621pt x 57.81349pt.

Overfull \hbox (9.44662pt too wide) in paragraph at lines 405--406
[][]| 
 []

<images/n01914609_1607_real.png, id=61, 256.96pt x 256.96pt>
File: images/n01914609_1607_real.png Graphic file (type png)

<use images/n01914609_1607_real.png>
Package pdftex.def Info: images/n01914609_1607_real.png used on input line 407.

(pdftex.def)             Requested size: 57.81621pt x 57.81349pt.

Overfull \hbox (9.44662pt too wide) in paragraph at lines 407--407
[][]| 
 []

<images/n01914609_1607_gen_0.png, id=62, 256.96pt x 256.96pt>
File: images/n01914609_1607_gen_0.png Graphic file (type png)

<use images/n01914609_1607_gen_0.png>
Package pdftex.def Info: images/n01914609_1607_gen_0.png used on input line 408
.
(pdftex.def)             Requested size: 57.81621pt x 57.81349pt.

Overfull \hbox (9.44662pt too wide) in paragraph at lines 408--408
[][]| 
 []

<images/n01914609_1607_gen_1.png, id=63, 256.96pt x 256.96pt>
File: images/n01914609_1607_gen_1.png Graphic file (type png)

<use images/n01914609_1607_gen_1.png>
Package pdftex.def Info: images/n01914609_1607_gen_1.png used on input line 409
.
(pdftex.def)             Requested size: 57.81621pt x 57.81349pt.

Overfull \hbox (9.44662pt too wide) in paragraph at lines 409--410
[][]| 
 []

<images/n02607072_6241_real.png, id=64, 256.96pt x 256.96pt>
File: images/n02607072_6241_real.png Graphic file (type png)

<use images/n02607072_6241_real.png>
Package pdftex.def Info: images/n02607072_6241_real.png used on input line 411.

(pdftex.def)             Requested size: 57.81621pt x 57.81349pt.

Overfull \hbox (9.44662pt too wide) in paragraph at lines 411--411
[][]| 
 []

<images/n02607072_6241_gen_0.png, id=65, 256.96pt x 256.96pt>
File: images/n02607072_6241_gen_0.png Graphic file (type png)

<use images/n02607072_6241_gen_0.png>
Package pdftex.def Info: images/n02607072_6241_gen_0.png used on input line 412
.
(pdftex.def)             Requested size: 57.81621pt x 57.81349pt.

Overfull \hbox (9.44662pt too wide) in paragraph at lines 412--412
[][]| 
 []

<images/n02607072_6241_gen_1.png, id=66, 256.96pt x 256.96pt>
File: images/n02607072_6241_gen_1.png Graphic file (type png)

<use images/n02607072_6241_gen_1.png>
Package pdftex.def Info: images/n02607072_6241_gen_1.png used on input line 413
.
(pdftex.def)             Requested size: 57.81621pt x 57.81349pt.

Overfull \hbox (9.44662pt too wide) in paragraph at lines 413--414
[][]| 
 []

[4 <./images/n01917289_4982_real.png (PNG copy)> <./images/n01917289_4982_gen_0
.png (PNG copy)> <./images/n01917289_4982_gen_1.png (PNG copy)> <./images/n0149
6331_16340_real.png (PNG copy)> <./images/n01496331_16340_gen_0.png (PNG copy)>
 <./images/n01496331_16340_gen_1.png (PNG copy)> <./images/n01496331_22183_real
.png (PNG copy)> <./images/n01496331_22183_gen_0.png (PNG copy)> <./images/n014
96331_22183_gen_1.png (PNG copy)> <./images/n01664065_29738_real.png (PNG copy)
> <./images/n01664065_29738_gen_0.png (PNG copy)> <./images/n01664065_29738_gen
_1.png (PNG copy)> <./images/n01496331_11938_real.png (PNG copy)> <./images/n01
496331_11938_gen_0.png (PNG copy)> <./images/n01496331_11938_gen_1.png (PNG cop
y)> <./images/n02606052_2969_real.png (PNG copy)> <./images/n02606052_2969_gen_
0.png (PNG copy)> <./images/n02606052_2969_gen_1.png (PNG copy)> <./images/n019
14609_1607_real.png (PNG copy)> <./images/n01914609_1607_gen_0.png (PNG copy)> 
<./images/n01914609_1607_gen_1.png (PNG copy)> <./images/n02607072_6241_real.pn
g (PNG copy)> <./images/n02607072_6241_gen_0.png (PNG copy)> <./images/n0260707
2_6241_gen_1.png (PNG copy)>]
<images/edges/1_original.png, id=70, 256.96pt x 256.96pt>
File: images/edges/1_original.png Graphic file (type png)

<use images/edges/1_original.png>
Package pdftex.def Info: images/edges/1_original.png used on input line 465.
(pdftex.def)             Requested size: 57.81621pt x 57.81349pt.

Overfull \hbox (9.44662pt too wide) in paragraph at lines 465--465
[][]| 
 []

<images/edges/1_cimg.png, id=71, 256.96pt x 256.96pt>
File: images/edges/1_cimg.png Graphic file (type png)

<use images/edges/1_cimg.png>
Package pdftex.def Info: images/edges/1_cimg.png used on input line 466.
(pdftex.def)             Requested size: 57.81621pt x 57.81349pt.

Overfull \hbox (9.44662pt too wide) in paragraph at lines 466--466
[][]| 
 []

<images/edges/1_u0img.png, id=72, 256.96pt x 256.96pt>
File: images/edges/1_u0img.png Graphic file (type png)

<use images/edges/1_u0img.png>
Package pdftex.def Info: images/edges/1_u0img.png used on input line 467.
(pdftex.def)             Requested size: 57.81621pt x 57.81349pt.

Overfull \hbox (9.44662pt too wide) in paragraph at lines 467--467
[][]| 
 []

<images/edges/1_u1img.png, id=73, 256.96pt x 256.96pt>
File: images/edges/1_u1img.png Graphic file (type png)

<use images/edges/1_u1img.png>
Package pdftex.def Info: images/edges/1_u1img.png used on input line 468.
(pdftex.def)             Requested size: 57.81621pt x 57.81349pt.

Overfull \hbox (9.44662pt too wide) in paragraph at lines 468--468
[][]| 
 []

<images/edges/1_oedges.png, id=74, 256.96pt x 256.96pt>
File: images/edges/1_oedges.png Graphic file (type png)

<use images/edges/1_oedges.png>
Package pdftex.def Info: images/edges/1_oedges.png used on input line 469.
(pdftex.def)             Requested size: 57.81621pt x 57.81349pt.

Overfull \hbox (9.44662pt too wide) in paragraph at lines 469--469
[][]| 
 []

<images/edges/1_cedges.png, id=75, 256.96pt x 256.96pt>
File: images/edges/1_cedges.png Graphic file (type png)

<use images/edges/1_cedges.png>
Package pdftex.def Info: images/edges/1_cedges.png used on input line 470.
(pdftex.def)             Requested size: 57.81621pt x 57.81349pt.

Overfull \hbox (9.44662pt too wide) in paragraph at lines 470--470
[][]| 
 []

<images/edges/1_u0edges.png, id=76, 256.96pt x 256.96pt>
File: images/edges/1_u0edges.png Graphic file (type png)

<use images/edges/1_u0edges.png>
Package pdftex.def Info: images/edges/1_u0edges.png used on input line 471.
(pdftex.def)             Requested size: 57.81621pt x 57.81349pt.

Overfull \hbox (9.44662pt too wide) in paragraph at lines 471--471
[][]| 
 []

<images/edges/1_u1edges.png, id=77, 256.96pt x 256.96pt>
File: images/edges/1_u1edges.png Graphic file (type png)

<use images/edges/1_u1edges.png>
Package pdftex.def Info: images/edges/1_u1edges.png used on input line 472.
(pdftex.def)             Requested size: 57.81621pt x 57.81349pt.

Overfull \hbox (9.44662pt too wide) in paragraph at lines 472--473
[][]| 
 []

<images/edges/2_original.png, id=78, 256.96pt x 256.96pt>
File: images/edges/2_original.png Graphic file (type png)

<use images/edges/2_original.png>
Package pdftex.def Info: images/edges/2_original.png used on input line 474.
(pdftex.def)             Requested size: 57.81621pt x 57.81349pt.

Overfull \hbox (9.44662pt too wide) in paragraph at lines 474--474
[][]| 
 []

<images/edges/2_cimg.png, id=79, 256.96pt x 256.96pt>
File: images/edges/2_cimg.png Graphic file (type png)

<use images/edges/2_cimg.png>
Package pdftex.def Info: images/edges/2_cimg.png used on input line 475.
(pdftex.def)             Requested size: 57.81621pt x 57.81349pt.

Overfull \hbox (9.44662pt too wide) in paragraph at lines 475--475
[][]| 
 []

<images/edges/2_u0img.png, id=80, 256.96pt x 256.96pt>
File: images/edges/2_u0img.png Graphic file (type png)

<use images/edges/2_u0img.png>
Package pdftex.def Info: images/edges/2_u0img.png used on input line 476.
(pdftex.def)             Requested size: 57.81621pt x 57.81349pt.

Overfull \hbox (9.44662pt too wide) in paragraph at lines 476--476
[][]| 
 []

<images/edges/2_u1img.png, id=81, 256.96pt x 256.96pt>
File: images/edges/2_u1img.png Graphic file (type png)

<use images/edges/2_u1img.png>
Package pdftex.def Info: images/edges/2_u1img.png used on input line 477.
(pdftex.def)             Requested size: 57.81621pt x 57.81349pt.

Overfull \hbox (9.44662pt too wide) in paragraph at lines 477--477
[][]| 
 []

<images/edges/2_oedges.png, id=82, 256.96pt x 256.96pt>
File: images/edges/2_oedges.png Graphic file (type png)

<use images/edges/2_oedges.png>
Package pdftex.def Info: images/edges/2_oedges.png used on input line 478.
(pdftex.def)             Requested size: 57.81621pt x 57.81349pt.

Overfull \hbox (9.44662pt too wide) in paragraph at lines 478--478
[][]| 
 []

<images/edges/2_cedges.png, id=83, 256.96pt x 256.96pt>
File: images/edges/2_cedges.png Graphic file (type png)

<use images/edges/2_cedges.png>
Package pdftex.def Info: images/edges/2_cedges.png used on input line 479.
(pdftex.def)             Requested size: 57.81621pt x 57.81349pt.

Overfull \hbox (9.44662pt too wide) in paragraph at lines 479--479
[][]| 
 []

<images/edges/2_u0edges.png, id=84, 256.96pt x 256.96pt>
File: images/edges/2_u0edges.png Graphic file (type png)

<use images/edges/2_u0edges.png>
Package pdftex.def Info: images/edges/2_u0edges.png used on input line 480.
(pdftex.def)             Requested size: 57.81621pt x 57.81349pt.

Overfull \hbox (9.44662pt too wide) in paragraph at lines 480--480
[][]| 
 []

<images/edges/2_u1edges.png, id=85, 256.96pt x 256.96pt>
File: images/edges/2_u1edges.png Graphic file (type png)

<use images/edges/2_u1edges.png>
Package pdftex.def Info: images/edges/2_u1edges.png used on input line 481.
(pdftex.def)             Requested size: 57.81621pt x 57.81349pt.

Overfull \hbox (9.44662pt too wide) in paragraph at lines 481--482
[][]| 
 []

<images/edges/3_original.png, id=86, 256.96pt x 256.96pt>
File: images/edges/3_original.png Graphic file (type png)

<use images/edges/3_original.png>
Package pdftex.def Info: images/edges/3_original.png used on input line 483.
(pdftex.def)             Requested size: 57.81621pt x 57.81349pt.

Overfull \hbox (9.44662pt too wide) in paragraph at lines 483--483
[][]| 
 []

<images/edges/3_cimg.png, id=87, 256.96pt x 256.96pt>
File: images/edges/3_cimg.png Graphic file (type png)

<use images/edges/3_cimg.png>
Package pdftex.def Info: images/edges/3_cimg.png used on input line 484.
(pdftex.def)             Requested size: 57.81621pt x 57.81349pt.

Overfull \hbox (9.44662pt too wide) in paragraph at lines 484--484
[][]| 
 []

<images/edges/3_u0img.png, id=88, 256.96pt x 256.96pt>
File: images/edges/3_u0img.png Graphic file (type png)

<use images/edges/3_u0img.png>
Package pdftex.def Info: images/edges/3_u0img.png used on input line 485.
(pdftex.def)             Requested size: 57.81621pt x 57.81349pt.

Overfull \hbox (9.44662pt too wide) in paragraph at lines 485--485
[][]| 
 []

<images/edges/3_u1img.png, id=89, 256.96pt x 256.96pt>
File: images/edges/3_u1img.png Graphic file (type png)

<use images/edges/3_u1img.png>
Package pdftex.def Info: images/edges/3_u1img.png used on input line 486.
(pdftex.def)             Requested size: 57.81621pt x 57.81349pt.

Overfull \hbox (9.44662pt too wide) in paragraph at lines 486--486
[][]| 
 []

<images/edges/3_oedges.png, id=90, 256.96pt x 256.96pt>
File: images/edges/3_oedges.png Graphic file (type png)

<use images/edges/3_oedges.png>
Package pdftex.def Info: images/edges/3_oedges.png used on input line 487.
(pdftex.def)             Requested size: 57.81621pt x 57.81349pt.

Overfull \hbox (9.44662pt too wide) in paragraph at lines 487--487
[][]| 
 []

<images/edges/3_cedges.png, id=91, 256.96pt x 256.96pt>
File: images/edges/3_cedges.png Graphic file (type png)

<use images/edges/3_cedges.png>
Package pdftex.def Info: images/edges/3_cedges.png used on input line 488.
(pdftex.def)             Requested size: 57.81621pt x 57.81349pt.

Overfull \hbox (9.44662pt too wide) in paragraph at lines 488--488
[][]| 
 []

<images/edges/3_u0edges.png, id=92, 256.96pt x 256.96pt>
File: images/edges/3_u0edges.png Graphic file (type png)

<use images/edges/3_u0edges.png>
Package pdftex.def Info: images/edges/3_u0edges.png used on input line 489.
(pdftex.def)             Requested size: 57.81621pt x 57.81349pt.

Overfull \hbox (9.44662pt too wide) in paragraph at lines 489--489
[][]| 
 []

<images/edges/3_u1edges.png, id=93, 256.96pt x 256.96pt>
File: images/edges/3_u1edges.png Graphic file (type png)

<use images/edges/3_u1edges.png>
Package pdftex.def Info: images/edges/3_u1edges.png used on input line 490.
(pdftex.def)             Requested size: 57.81621pt x 57.81349pt.

Overfull \hbox (9.44662pt too wide) in paragraph at lines 490--491
[][]| 
 []

<images/edges/4_original.png, id=94, 256.96pt x 256.96pt>
File: images/edges/4_original.png Graphic file (type png)

<use images/edges/4_original.png>
Package pdftex.def Info: images/edges/4_original.png used on input line 492.
(pdftex.def)             Requested size: 57.81621pt x 57.81349pt.

Overfull \hbox (9.44662pt too wide) in paragraph at lines 492--492
[][]| 
 []

<images/edges/4_cimg.png, id=95, 256.96pt x 256.96pt>
File: images/edges/4_cimg.png Graphic file (type png)

<use images/edges/4_cimg.png>
Package pdftex.def Info: images/edges/4_cimg.png used on input line 493.
(pdftex.def)             Requested size: 57.81621pt x 57.81349pt.

Overfull \hbox (9.44662pt too wide) in paragraph at lines 493--493
[][]| 
 []

<images/edges/4_u0img.png, id=96, 256.96pt x 256.96pt>
File: images/edges/4_u0img.png Graphic file (type png)

<use images/edges/4_u0img.png>
Package pdftex.def Info: images/edges/4_u0img.png used on input line 494.
(pdftex.def)             Requested size: 57.81621pt x 57.81349pt.

Overfull \hbox (9.44662pt too wide) in paragraph at lines 494--494
[][]| 
 []

<images/edges/4_u1img.png, id=97, 256.96pt x 256.96pt>
File: images/edges/4_u1img.png Graphic file (type png)

<use images/edges/4_u1img.png>
Package pdftex.def Info: images/edges/4_u1img.png used on input line 495.
(pdftex.def)             Requested size: 57.81621pt x 57.81349pt.

Overfull \hbox (9.44662pt too wide) in paragraph at lines 495--495
[][]| 
 []

<images/edges/4_oedges.png, id=98, 256.96pt x 256.96pt>
File: images/edges/4_oedges.png Graphic file (type png)

<use images/edges/4_oedges.png>
Package pdftex.def Info: images/edges/4_oedges.png used on input line 496.
(pdftex.def)             Requested size: 57.81621pt x 57.81349pt.

Overfull \hbox (9.44662pt too wide) in paragraph at lines 496--496
[][]| 
 []

<images/edges/4_cedges.png, id=99, 256.96pt x 256.96pt>
File: images/edges/4_cedges.png Graphic file (type png)

<use images/edges/4_cedges.png>
Package pdftex.def Info: images/edges/4_cedges.png used on input line 497.
(pdftex.def)             Requested size: 57.81621pt x 57.81349pt.

Overfull \hbox (9.44662pt too wide) in paragraph at lines 497--497
[][]| 
 []

<images/edges/4_u0edges.png, id=100, 256.96pt x 256.96pt>
File: images/edges/4_u0edges.png Graphic file (type png)

<use images/edges/4_u0edges.png>
Package pdftex.def Info: images/edges/4_u0edges.png used on input line 498.
(pdftex.def)             Requested size: 57.81621pt x 57.81349pt.

Overfull \hbox (9.44662pt too wide) in paragraph at lines 498--498
[][]| 
 []

<images/edges/4_u1edges.png, id=101, 256.96pt x 256.96pt>
File: images/edges/4_u1edges.png Graphic file (type png)

<use images/edges/4_u1edges.png>
Package pdftex.def Info: images/edges/4_u1edges.png used on input line 499.
(pdftex.def)             Requested size: 57.81621pt x 57.81349pt.

Overfull \hbox (9.44662pt too wide) in paragraph at lines 499--500
[][]| 
 []

<images/figure3/flickr_cmp.png, id=102, 256.96pt x 256.96pt>
File: images/figure3/flickr_cmp.png Graphic file (type png)

<use images/figure3/flickr_cmp.png>
Package pdftex.def Info: images/figure3/flickr_cmp.png used on input line 515.
(pdftex.def)             Requested size: 122.85876pt x 122.86104pt.

Overfull \hbox (9.04774pt too wide) in paragraph at lines 515--515
[][]| 
 []

<images/figure3/cgan_cmp.png, id=103, 256.96pt x 256.96pt>
File: images/figure3/cgan_cmp.png Graphic file (type png)

<use images/figure3/cgan_cmp.png>
Package pdftex.def Info: images/figure3/cgan_cmp.png used on input line 516.
(pdftex.def)             Requested size: 122.85876pt x 122.86104pt.

Overfull \hbox (9.04774pt too wide) in paragraph at lines 516--516
[][]| 
 []

<images/figure3/ugan_cmp.png, id=104, 256.96pt x 256.96pt>
File: images/figure3/ugan_cmp.png Graphic file (type png)

<use images/figure3/ugan_cmp.png>
Package pdftex.def Info: images/figure3/ugan_cmp.png used on input line 517.
(pdftex.def)             Requested size: 122.85876pt x 122.86104pt.

Overfull \hbox (9.04774pt too wide) in paragraph at lines 517--517
[][]| 
 []

<images/figure3/uganp_cmp.png, id=105, 256.96pt x 256.96pt>
File: images/figure3/uganp_cmp.png Graphic file (type png)

<use images/figure3/uganp_cmp.png>
Package pdftex.def Info: images/figure3/uganp_cmp.png used on input line 518.
(pdftex.def)             Requested size: 122.85876pt x 122.86104pt.

Overfull \hbox (9.04774pt too wide) in paragraph at lines 518--519
[][]| 
 []

<images/figure3/flickr_crop1.png, id=106, 64.24pt x 64.24pt>
File: images/figure3/flickr_crop1.png Graphic file (type png)

<use images/figure3/flickr_crop1.png>
Package pdftex.def Info: images/figure3/flickr_crop1.png used on input line 525
.
(pdftex.def)             Requested size: 57.81621pt x 57.81741pt.

Overfull \hbox (3.75615pt too wide) in paragraph at lines 525--525
[][]| 
 []

<images/figure3/flickr_crop2.png, id=107, 64.24pt x 64.24pt>
File: images/figure3/flickr_crop2.png Graphic file (type png)

<use images/figure3/flickr_crop2.png>
Package pdftex.def Info: images/figure3/flickr_crop2.png used on input line 526
.
(pdftex.def)             Requested size: 57.81621pt x 57.81741pt.

Overfull \hbox (3.75615pt too wide) in paragraph at lines 526--526
[][]| 
 []

<images/figure3/cgan_crop1.png, id=108, 64.24pt x 64.24pt>
File: images/figure3/cgan_crop1.png Graphic file (type png)

<use images/figure3/cgan_crop1.png>
Package pdftex.def Info: images/figure3/cgan_crop1.png used on input line 527.
(pdftex.def)             Requested size: 57.81621pt x 57.81741pt.

Overfull \hbox (3.75615pt too wide) in paragraph at lines 527--527
[][]| 
 []

<images/figure3/cgan_crop2.png, id=109, 64.24pt x 64.24pt>
File: images/figure3/cgan_crop2.png Graphic file (type png)

<use images/figure3/cgan_crop2.png>
Package pdftex.def Info: images/figure3/cgan_crop2.png used on input line 528.
(pdftex.def)             Requested size: 57.81621pt x 57.81741pt.

Overfull \hbox (3.75615pt too wide) in paragraph at lines 528--528
[][]| 
 []

<images/figure3/ugan_crop1.png, id=110, 64.24pt x 64.24pt>
File: images/figure3/ugan_crop1.png Graphic file (type png)

<use images/figure3/ugan_crop1.png>
Package pdftex.def Info: images/figure3/ugan_crop1.png used on input line 529.
(pdftex.def)             Requested size: 57.81621pt x 57.81741pt.

Overfull \hbox (3.75615pt too wide) in paragraph at lines 529--529
[][]| 
 []

<images/figure3/ugan_crop2.png, id=111, 64.24pt x 64.24pt>
File: images/figure3/ugan_crop2.png Graphic file (type png)

<use images/figure3/ugan_crop2.png>
Package pdftex.def Info: images/figure3/ugan_crop2.png used on input line 530.
(pdftex.def)             Requested size: 57.81621pt x 57.81741pt.

Overfull \hbox (3.75615pt too wide) in paragraph at lines 530--530
[][]| 
 []

File: images/figure3/ugan_crop1.png Graphic file (type png)
<use images/figure3/ugan_crop1.png>
Package pdftex.def Info: images/figure3/ugan_crop1.png used on input line 531.
(pdftex.def)             Requested size: 57.81621pt x 57.81741pt.

Overfull \hbox (3.75615pt too wide) in paragraph at lines 531--531
[][]| 
 []

File: images/figure3/ugan_crop2.png Graphic file (type png)
<use images/figure3/ugan_crop2.png>
Package pdftex.def Info: images/figure3/ugan_crop2.png used on input line 532.
(pdftex.def)             Requested size: 57.81621pt x 57.81741pt.

Overfull \hbox (3.75615pt too wide) in paragraph at lines 532--533
[][]| 
 []

<images/figure3/flickr_crop3.png, id=112, 64.24pt x 64.24pt>
File: images/figure3/flickr_crop3.png Graphic file (type png)

<use images/figure3/flickr_crop3.png>
Package pdftex.def Info: images/figure3/flickr_crop3.png used on input line 534
.
(pdftex.def)             Requested size: 57.81621pt x 57.81741pt.

Overfull \hbox (3.75615pt too wide) in paragraph at lines 534--534
[][]| 
 []

<images/figure3/flickr_crop4.png, id=113, 64.24pt x 64.24pt>
File: images/figure3/flickr_crop4.png Graphic file (type png)

<use images/figure3/flickr_crop4.png>
Package pdftex.def Info: images/figure3/flickr_crop4.png used on input line 535
.
(pdftex.def)             Requested size: 57.81621pt x 57.81741pt.

Overfull \hbox (3.75615pt too wide) in paragraph at lines 535--535
[][]| 
 []

<images/figure3/cgan_crop3.png, id=114, 64.24pt x 64.24pt>
File: images/figure3/cgan_crop3.png Graphic file (type png)

<use images/figure3/cgan_crop3.png>
Package pdftex.def Info: images/figure3/cgan_crop3.png used on input line 536.
(pdftex.def)             Requested size: 57.81621pt x 57.81741pt.

Overfull \hbox (3.75615pt too wide) in paragraph at lines 536--536
[][]| 
 []

<images/figure3/cgan_crop4.png, id=115, 64.24pt x 64.24pt>
File: images/figure3/cgan_crop4.png Graphic file (type png)

<use images/figure3/cgan_crop4.png>
Package pdftex.def Info: images/figure3/cgan_crop4.png used on input line 537.
(pdftex.def)             Requested size: 57.81621pt x 57.81741pt.

Overfull \hbox (3.75615pt too wide) in paragraph at lines 537--537
[][]| 
 []

<images/figure3/ugan_crop3.png, id=116, 64.24pt x 64.24pt>
File: images/figure3/ugan_crop3.png Graphic file (type png)

<use images/figure3/ugan_crop3.png>
Package pdftex.def Info: images/figure3/ugan_crop3.png used on input line 538.
(pdftex.def)             Requested size: 57.81621pt x 57.81741pt.

Overfull \hbox (3.75615pt too wide) in paragraph at lines 538--538
[][]| 
 []

<images/figure3/ugan_crop4.png, id=117, 64.24pt x 64.24pt>
File: images/figure3/ugan_crop4.png Graphic file (type png)

<use images/figure3/ugan_crop4.png>
Package pdftex.def Info: images/figure3/ugan_crop4.png used on input line 539.
(pdftex.def)             Requested size: 57.81621pt x 57.81741pt.

Overfull \hbox (3.75615pt too wide) in paragraph at lines 539--539
[][]| 
 []

File: images/figure3/ugan_crop3.png Graphic file (type png)
<use images/figure3/ugan_crop3.png>
Package pdftex.def Info: images/figure3/ugan_crop3.png used on input line 540.
(pdftex.def)             Requested size: 57.81621pt x 57.81741pt.

Overfull \hbox (3.75615pt too wide) in paragraph at lines 540--540
[][]| 
 []

File: images/figure3/ugan_crop4.png Graphic file (type png)
<use images/figure3/ugan_crop4.png>
Package pdftex.def Info: images/figure3/ugan_crop4.png used on input line 541.
(pdftex.def)             Requested size: 57.81621pt x 57.81741pt.

Overfull \hbox (3.75615pt too wide) in paragraph at lines 541--542
[][]| 
 []


Overfull \hbox (12.48047pt too wide) in paragraph at lines 523--544
[][] 
 []

<images/mdpm/real1.png, id=118, 256.96pt x 256.96pt>
File: images/mdpm/real1.png Graphic file (type png)

<use images/mdpm/real1.png>
Package pdftex.def Info: images/mdpm/real1.png used on input line 558.
(pdftex.def)             Requested size: 122.85876pt x 122.86104pt.

Overfull \hbox (9.04774pt too wide) in paragraph at lines 558--558
[][]| 
 []

<images/mdpm/real2.png, id=119, 256.96pt x 256.96pt>
File: images/mdpm/real2.png Graphic file (type png)

<use images/mdpm/real2.png>
Package pdftex.def Info: images/mdpm/real2.png used on input line 559.
(pdftex.def)             Requested size: 122.85876pt x 122.86104pt.

Overfull \hbox (9.04774pt too wide) in paragraph at lines 559--559
[][]| 
 []

<images/mdpm/real3.png, id=120, 256.96pt x 256.96pt>
File: images/mdpm/real3.png Graphic file (type png)

<use images/mdpm/real3.png>
Package pdftex.def Info: images/mdpm/real3.png used on input line 560.
(pdftex.def)             Requested size: 122.85876pt x 122.86104pt.

Overfull \hbox (9.04774pt too wide) in paragraph at lines 560--560
[][]| 
 []

<images/mdpm/real4.png, id=121, 256.96pt x 256.96pt>
File: images/mdpm/real4.png Graphic file (type png)

<use images/mdpm/real4.png>
Package pdftex.def Info: images/mdpm/real4.png used on input line 561.
(pdftex.def)             Requested size: 122.85876pt x 122.86104pt.

Overfull \hbox (9.04774pt too wide) in paragraph at lines 561--562
[][]| 
 []

<images/mdpm/gen1.png, id=122, 256.96pt x 256.96pt>
File: images/mdpm/gen1.png Graphic file (type png)
 <use images/mdpm/gen1.png>
Package pdftex.def Info: images/mdpm/gen1.png used on input line 562.
(pdftex.def)             Requested size: 122.85876pt x 122.86104pt.

Overfull \hbox (9.04774pt too wide) in paragraph at lines 562--562
[][]| 
 []

<images/mdpm/gen2.png, id=123, 256.96pt x 256.96pt>
File: images/mdpm/gen2.png Graphic file (type png)
 <use images/mdpm/gen2.png>
Package pdftex.def Info: images/mdpm/gen2.png used on input line 563.
(pdftex.def)             Requested size: 122.85876pt x 122.86104pt.

Overfull \hbox (9.04774pt too wide) in paragraph at lines 563--563
[][]| 
 []

<images/mdpm/gen3.png, id=124, 256.96pt x 256.96pt>
File: images/mdpm/gen3.png Graphic file (type png)
 <use images/mdpm/gen3.png>
Package pdftex.def Info: images/mdpm/gen3.png used on input line 564.
(pdftex.def)             Requested size: 122.85876pt x 122.86104pt.

Overfull \hbox (9.04774pt too wide) in paragraph at lines 564--564
[][]| 
 []

<images/mdpm/gen4.png, id=125, 256.96pt x 256.96pt>
File: images/mdpm/gen4.png Graphic file (type png)
 <use images/mdpm/gen4.png>
Package pdftex.def Info: images/mdpm/gen4.png used on input line 565.
(pdftex.def)             Requested size: 122.85876pt x 122.86104pt.

Overfull \hbox (9.04774pt too wide) in paragraph at lines 565--566
[][]| 
 []

(./paper.bbl
Underfull \hbox (badness 2735) in paragraph at lines 35--38
\OT1/ptm/m/n/8 ``Wa-ter-gan: Un-su-per-vised gen-er-a-tive net-work to en-able 
real-time
 []


Underfull \hbox (badness 2126) in paragraph at lines 50--53
\OT1/ptm/m/n/8 trans-la-tion with con-di-tional ad-ver-sar-ial net-works,'' \OT
1/ptm/m/it/8 arXiv preprint
 []

[5 <./images/edges/1_original.png (PNG copy)> <./images/edges/1_cimg.png (PNG c
opy)> <./images/edges/1_u0img.png (PNG copy)> <./images/edges/1_u1img.png (PNG 
copy)> <./images/edges/1_oedges.png (PNG copy)> <./images/edges/1_cedges.png (P
NG copy)> <./images/edges/1_u0edges.png (PNG copy)> <./images/edges/1_u1edges.p
ng (PNG copy)> <./images/edges/2_original.png (PNG copy)> <./images/edges/2_cim
g.png (PNG copy)> <./images/edges/2_u0img.png (PNG copy)> <./images/edges/2_u1i
mg.png (PNG copy)> <./images/edges/2_oedges.png (PNG copy)> <./images/edges/2_c
edges.png (PNG copy)> <./images/edges/2_u0edges.png (PNG copy)> <./images/edges
/2_u1edges.png (PNG copy)> <./images/edges/3_original.png (PNG copy)> <./images
/edges/3_cimg.png (PNG copy)> <./images/edges/3_u0img.png (PNG copy)> <./images
/edges/3_u1img.png (PNG copy)> <./images/edges/3_oedges.png (PNG copy)> <./imag
es/edges/3_cedges.png (PNG copy)> <./images/edges/3_u0edges.png (PNG copy)> <./
images/edges/3_u1edges.png (PNG copy)> <./images/edges/4_original.png (PNG copy
)> <./images/edges/4_cimg.png (PNG copy)> <./images/edges/4_u0img.png (PNG copy
)> <./images/edges/4_u1img.png (PNG copy)> <./images/edges/4_oedges.png (PNG co
py)> <./images/edges/4_cedges.png (PNG copy)> <./images/edges/4_u0edges.png (PN
G copy)> <./images/edges/4_u1edges.png (PNG copy)>] [6 <./images/figure3/flickr
_cmp.png (PNG copy)> <./images/figure3/cgan_cmp.png (PNG copy)> <./images/figur
e3/ugan_cmp.png (PNG copy)> <./images/figure3/uganp_cmp.png (PNG copy)> <./imag
es/figure3/flickr_crop1.png (PNG copy)> <./images/figure3/flickr_crop2.png (PNG
 copy)> <./images/figure3/cgan_crop1.png (PNG copy)> <./images/figure3/cgan_cro
p2.png (PNG copy)> <./images/figure3/ugan_crop1.png (PNG copy)> <./images/figur
e3/ugan_crop2.png (PNG copy)> <./images/figure3/flickr_crop3.png (PNG copy)> <.
/images/figure3/flickr_crop4.png (PNG copy)> <./images/figure3/cgan_crop3.png (
PNG copy)> <./images/figure3/cgan_crop4.png (PNG copy)> <./images/figure3/ugan_
crop3.png (PNG copy)> <./images/figure3/ugan_crop4.png (PNG copy)> <./images/md
pm/real1.png (PNG copy)> <./images/mdpm/real2.png (PNG copy)> <./images/mdpm/re
al3.png (PNG copy)> <./images/mdpm/real4.png (PNG copy)> <./images/mdpm/gen1.pn
g (PNG copy)> <./images/mdpm/gen2.png (PNG copy)> <./images/mdpm/gen3.png (PNG 
copy)> <./images/mdpm/gen4.png (PNG copy)>]
Underfull \hbox (badness 10000) in paragraph at lines 69--71
[]\OT1/ptm/m/n/8 I. Gul-ra-jani, F. Ahmed, M. Ar-jovsky, V. Du-moulin, and
 []

)

** Conference Paper **
Before submitting the final camera ready copy, remember to:

 1. Manually equalize the lengths of two columns on the last page
 of your paper;

 2. Ensure that any PostScript and/or PDF output post-processing
 uses only Type 1 fonts and that every step in the generation
 process uses the appropriate paper size.

[7

] (./paper.aux) ) 
Here is how much of TeX's memory you used:
 4411 strings out of 493029
 72570 string characters out of 6136234
 137112 words of memory out of 5000000
 7759 multiletter control sequences out of 15000+600000
 44436 words of font info for 89 fonts, out of 8000000 for 9000
 1144 hyphenation exceptions out of 8191
 38i,13n,35p,744b,379s stack positions out of 5000i,500n,10000p,200000b,80000s
{/usr/share/texlive/texmf-dist/fonts/enc/dvips/base/8r.enc}</u
sr/share/texlive/texmf-dist/fonts/type1/public/amsfonts/cm/cmex10.pfb></usr/sha
re/texlive/texmf-dist/fonts/type1/public/amsfonts/cm/cmmi10.pfb></usr/share/tex
live/texmf-dist/fonts/type1/public/amsfonts/cm/cmmi5.pfb></usr/share/texlive/te
xmf-dist/fonts/type1/public/amsfonts/cm/cmmi7.pfb></usr/share/texlive/texmf-dis
t/fonts/type1/public/amsfonts/cm/cmr10.pfb></usr/share/texlive/texmf-dist/fonts
/type1/public/amsfonts/cm/cmr5.pfb></usr/share/texlive/texmf-dist/fonts/type1/p
ublic/amsfonts/cm/cmr7.pfb></usr/share/texlive/texmf-dist/fonts/type1/public/am
sfonts/cm/cmr8.pfb></usr/share/texlive/texmf-dist/fonts/type1/public/amsfonts/c
m/cmsy10.pfb></usr/share/texlive/texmf-dist/fonts/type1/public/amsfonts/cm/cmsy
7.pfb></usr/share/texlive/texmf-dist/fonts/type1/public/amsfonts/symbols/msbm10
.pfb></usr/share/texlive/texmf-dist/fonts/type1/public/amsfonts/symbols/msbm7.p
fb></usr/share/texlive/texmf-dist/fonts/type1/urw/times/utmb8a.pfb></usr/share/
texlive/texmf-dist/fonts/type1/urw/times/utmbi8a.pfb></usr/share/texlive/texmf-
dist/fonts/type1/urw/times/utmr8a.pfb></usr/share/texlive/texmf-dist/fonts/type
1/urw/times/utmri8a.pfb>
Output written on paper.pdf (7 pages, 8125386 bytes).
PDF statistics:
 189 PDF objects out of 1000 (max. 8388607)
 67 compressed objects within 1 object stream
 0 named destinations out of 1000 (max. 500000)
 481 words of extra memory for PDF output out of 10000 (max. 10000000)

