This is pdfTeX, Version 3.14159265-2.6-1.40.18 (TeX Live 2017/W32TeX) (preloaded format=pdflatex 2017.8.20)  2 NOV 2017 17:30
entering extended mode
 restricted \write18 enabled.
 %&-line parsing enabled.
**./PlainPaper.tex
(./PlainPaper.tex
LaTeX2e <2017-04-15>
Babel <3.12> and hyphenation patterns for 84 language(s) loaded.
(c:/texlive/2017/texmf-dist/tex/latex/base/article.cls
Document Class: article 2014/09/29 v1.4h Standard LaTeX document class
(c:/texlive/2017/texmf-dist/tex/latex/base/size11.clo
File: size11.clo 2014/09/29 v1.4h Standard LaTeX file (size option)
)
\c@part=\count79
\c@section=\count80
\c@subsection=\count81
\c@subsubsection=\count82
\c@paragraph=\count83
\c@subparagraph=\count84
\c@figure=\count85
\c@table=\count86
\abovecaptionskip=\skip41
\belowcaptionskip=\skip42
\bibindent=\dimen102
)
(c:/texlive/2017/texmf-dist/tex/latex/graphics/graphicx.sty
Package: graphicx 2017/06/01 v1.1a Enhanced LaTeX Graphics (DPC,SPQR)

(c:/texlive/2017/texmf-dist/tex/latex/graphics/keyval.sty
Package: keyval 2014/10/28 v1.15 key=value parser (DPC)
\KV@toks@=\toks14
)
(c:/texlive/2017/texmf-dist/tex/latex/graphics/graphics.sty
Package: graphics 2017/06/25 v1.2c Standard LaTeX Graphics (DPC,SPQR)

(c:/texlive/2017/texmf-dist/tex/latex/graphics/trig.sty
Package: trig 2016/01/03 v1.10 sin cos tan (DPC)
)
(c:/texlive/2017/texmf-dist/tex/latex/graphics-cfg/graphics.cfg
File: graphics.cfg 2016/06/04 v1.11 sample graphics configuration
)
Package graphics Info: Driver file: pdftex.def on input line 99.

(c:/texlive/2017/texmf-dist/tex/latex/graphics-def/pdftex.def
File: pdftex.def 2017/06/24 v1.0g Graphics/color driver for pdftex
))
\Gin@req@height=\dimen103
\Gin@req@width=\dimen104
)
(c:/texlive/2017/texmf-dist/tex/latex/amsfonts/amssymb.sty
Package: amssymb 2013/01/14 v3.01 AMS font symbols

(c:/texlive/2017/texmf-dist/tex/latex/amsfonts/amsfonts.sty
Package: amsfonts 2013/01/14 v3.01 Basic AMSFonts support
\@emptytoks=\toks15
\symAMSa=\mathgroup4
\symAMSb=\mathgroup5
LaTeX Font Info:    Overwriting math alphabet `\mathfrak' in version `bold'
(Font)                  U/euf/m/n --> U/euf/b/n on input line 106.
))
(c:/texlive/2017/texmf-dist/tex/latex/amsmath/amsmath.sty
Package: amsmath 2016/11/05 v2.16a AMS math features
\@mathmargin=\skip43

For additional information on amsmath, use the `?' option.
(c:/texlive/2017/texmf-dist/tex/latex/amsmath/amstext.sty
Package: amstext 2000/06/29 v2.01 AMS text

(c:/texlive/2017/texmf-dist/tex/latex/amsmath/amsgen.sty
File: amsgen.sty 1999/11/30 v2.0 generic functions
\@emptytoks=\toks16
\ex@=\dimen105
))
(c:/texlive/2017/texmf-dist/tex/latex/amsmath/amsbsy.sty
Package: amsbsy 1999/11/29 v1.2d Bold Symbols
\pmbraise@=\dimen106
)
(c:/texlive/2017/texmf-dist/tex/latex/amsmath/amsopn.sty
Package: amsopn 2016/03/08 v2.02 operator names
)
\inf@bad=\count87
LaTeX Info: Redefining \frac on input line 213.
\uproot@=\count88
\leftroot@=\count89
LaTeX Info: Redefining \overline on input line 375.
\classnum@=\count90
\DOTSCASE@=\count91
LaTeX Info: Redefining \ldots on input line 472.
LaTeX Info: Redefining \dots on input line 475.
LaTeX Info: Redefining \cdots on input line 596.
\Mathstrutbox@=\box26
\strutbox@=\box27
\big@size=\dimen107
LaTeX Font Info:    Redeclaring font encoding OML on input line 712.
LaTeX Font Info:    Redeclaring font encoding OMS on input line 713.
\macc@depth=\count92
\c@MaxMatrixCols=\count93
\dotsspace@=\muskip10
\c@parentequation=\count94
\dspbrk@lvl=\count95
\tag@help=\toks17
\row@=\count96
\column@=\count97
\maxfields@=\count98
\andhelp@=\toks18
\eqnshift@=\dimen108
\alignsep@=\dimen109
\tagshift@=\dimen110
\tagwidth@=\dimen111
\totwidth@=\dimen112
\lineht@=\dimen113
\@envbody=\toks19
\multlinegap=\skip44
\multlinetaggap=\skip45
\mathdisplay@stack=\toks20
LaTeX Info: Redefining \[ on input line 2817.
LaTeX Info: Redefining \] on input line 2818.
)
(c:/texlive/2017/texmf-dist/tex/latex/adjustbox/adjustbox.sty
Package: adjustbox 2012/05/21 v1.0 Adjusting TeX boxes (trim, clip, ...)

(c:/texlive/2017/texmf-dist/tex/latex/xkeyval/xkeyval.sty
Package: xkeyval 2014/12/03 v2.7a package option processing (HA)

(c:/texlive/2017/texmf-dist/tex/generic/xkeyval/xkeyval.tex
(c:/texlive/2017/texmf-dist/tex/generic/xkeyval/xkvutils.tex
\XKV@toks=\toks21
\XKV@tempa@toks=\toks22
)
\XKV@depth=\count99
File: xkeyval.tex 2014/12/03 v2.7a key=value parser (HA)
))
(c:/texlive/2017/texmf-dist/tex/latex/adjustbox/adjcalc.sty
Package: adjcalc 2012/05/16 v1.1 Provides advanced setlength with multiple back
-ends (calc, etex, pgfmath)
)
(c:/texlive/2017/texmf-dist/tex/latex/adjustbox/trimclip.sty
Package: trimclip 2012/05/16 v1.0 Trim and clip general TeX material

(c:/texlive/2017/texmf-dist/tex/latex/collectbox/collectbox.sty
Package: collectbox 2012/05/17 v0.4b Collect macro arguments as boxes
\collectedbox=\box28
)
\tc@llx=\dimen114
\tc@lly=\dimen115
\tc@urx=\dimen116
\tc@ury=\dimen117
Package trimclip Info: Using driver 'tc-pdftex.def'.

(c:/texlive/2017/texmf-dist/tex/latex/adjustbox/tc-pdftex.def
File: tc-pdftex.def 2012/05/13 v1.0 Clipping driver for pdftex
))
\adjbox@Width=\dimen118
\adjbox@Height=\dimen119
\adjbox@Depth=\dimen120
\adjbox@Totalheight=\dimen121

(c:/texlive/2017/texmf-dist/tex/latex/ifoddpage/ifoddpage.sty
Package: ifoddpage 2016/04/23 v1.1 Conditionals for odd/even page detection
\c@checkoddpage=\count100
)
(c:/texlive/2017/texmf-dist/tex/latex/varwidth/varwidth.sty
Package: varwidth 2009/03/30 ver 0.92;  Variable-width minipages
\@vwid@box=\box29
\sift@deathcycles=\count101
\@vwid@loff=\dimen122
\@vwid@roff=\dimen123
))
(c:/texlive/2017/texmf-dist/tex/latex/url/url.sty
\Urlmuskip=\muskip11
Package: url 2013/09/16  ver 3.4  Verb mode for urls, etc.
)
(c:/texlive/2017/texmf-dist/tex/latex/hyperref/hyperref.sty
Package: hyperref 2017/03/14 v6.85a Hypertext links for LaTeX

(c:/texlive/2017/texmf-dist/tex/generic/oberdiek/hobsub-hyperref.sty
Package: hobsub-hyperref 2016/05/16 v1.14 Bundle oberdiek, subset hyperref (HO)


(c:/texlive/2017/texmf-dist/tex/generic/oberdiek/hobsub-generic.sty
Package: hobsub-generic 2016/05/16 v1.14 Bundle oberdiek, subset generic (HO)
Package: hobsub 2016/05/16 v1.14 Construct package bundles (HO)
Package: infwarerr 2016/05/16 v1.4 Providing info/warning/error messages (HO)
Package: ltxcmds 2016/05/16 v1.23 LaTeX kernel commands for general use (HO)
Package: ifluatex 2016/05/16 v1.4 Provides the ifluatex switch (HO)
Package ifluatex Info: LuaTeX not detected.
Package: ifvtex 2016/05/16 v1.6 Detect VTeX and its facilities (HO)
Package ifvtex Info: VTeX not detected.
Package: intcalc 2016/05/16 v1.2 Expandable calculations with integers (HO)
Package: ifpdf 2017/03/15 v3.2 Provides the ifpdf switch
Package: etexcmds 2016/05/16 v1.6 Avoid name clashes with e-TeX commands (HO)
Package etexcmds Info: Could not find \expanded.
(etexcmds)             That can mean that you are not using pdfTeX 1.50 or
(etexcmds)             that some package has redefined \expanded.
(etexcmds)             In the latter case, load this package earlier.
Package: kvsetkeys 2016/05/16 v1.17 Key value parser (HO)
Package: kvdefinekeys 2016/05/16 v1.4 Define keys (HO)
Package: pdftexcmds 2017/03/19 v0.25 Utility functions of pdfTeX for LuaTeX (HO
)
Package pdftexcmds Info: LuaTeX not detected.
Package pdftexcmds Info: \pdf@primitive is available.
Package pdftexcmds Info: \pdf@ifprimitive is available.
Package pdftexcmds Info: \pdfdraftmode found.
Package: pdfescape 2016/05/16 v1.14 Implements pdfTeX's escape features (HO)
Package: bigintcalc 2016/05/16 v1.4 Expandable calculations on big integers (HO
)
Package: bitset 2016/05/16 v1.2 Handle bit-vector datatype (HO)
Package: uniquecounter 2016/05/16 v1.3 Provide unlimited unique counter (HO)
)
Package hobsub Info: Skipping package `hobsub' (already loaded).
Package: letltxmacro 2016/05/16 v1.5 Let assignment for LaTeX macros (HO)
Package: hopatch 2016/05/16 v1.3 Wrapper for package hooks (HO)
Package: xcolor-patch 2016/05/16 xcolor patch
Package: atveryend 2016/05/16 v1.9 Hooks at the very end of document (HO)
Package atveryend Info: \enddocument detected (standard20110627).
Package: atbegshi 2016/06/09 v1.18 At begin shipout hook (HO)
Package: refcount 2016/05/16 v3.5 Data extraction from label references (HO)
Package: hycolor 2016/05/16 v1.8 Color options for hyperref/bookmark (HO)
)
(c:/texlive/2017/texmf-dist/tex/generic/ifxetex/ifxetex.sty
Package: ifxetex 2010/09/12 v0.6 Provides ifxetex conditional
)
(c:/texlive/2017/texmf-dist/tex/latex/oberdiek/auxhook.sty
Package: auxhook 2016/05/16 v1.4 Hooks for auxiliary files (HO)
)
(c:/texlive/2017/texmf-dist/tex/latex/oberdiek/kvoptions.sty
Package: kvoptions 2016/05/16 v3.12 Key value format for package options (HO)
)
\@linkdim=\dimen124
\Hy@linkcounter=\count102
\Hy@pagecounter=\count103

(c:/texlive/2017/texmf-dist/tex/latex/hyperref/pd1enc.def
File: pd1enc.def 2017/03/14 v6.85a Hyperref: PDFDocEncoding definition (HO)
)
\Hy@SavedSpaceFactor=\count104

(c:/texlive/2017/texmf-dist/tex/latex/latexconfig/hyperref.cfg
File: hyperref.cfg 2002/06/06 v1.2 hyperref configuration of TeXLive
)
Package hyperref Info: Hyper figures OFF on input line 4498.
Package hyperref Info: Link nesting OFF on input line 4503.
Package hyperref Info: Hyper index ON on input line 4506.
Package hyperref Info: Plain pages OFF on input line 4513.
Package hyperref Info: Backreferencing OFF on input line 4518.
Package hyperref Info: Implicit mode ON; LaTeX internals redefined.
Package hyperref Info: Bookmarks ON on input line 4751.
\c@Hy@tempcnt=\count105
LaTeX Info: Redefining \url on input line 5104.
\XeTeXLinkMargin=\dimen125
\Fld@menulength=\count106
\Field@Width=\dimen126
\Fld@charsize=\dimen127
Package hyperref Info: Hyper figures OFF on input line 6358.
Package hyperref Info: Link nesting OFF on input line 6363.
Package hyperref Info: Hyper index ON on input line 6366.
Package hyperref Info: backreferencing OFF on input line 6373.
Package hyperref Info: Link coloring OFF on input line 6378.
Package hyperref Info: Link coloring with OCG OFF on input line 6383.
Package hyperref Info: PDF/A mode OFF on input line 6388.
LaTeX Info: Redefining \ref on input line 6428.
LaTeX Info: Redefining \pageref on input line 6432.
\Hy@abspage=\count107
\c@Item=\count108
\c@Hfootnote=\count109
)

Package hyperref Message: Driver (autodetected): hpdftex.

(c:/texlive/2017/texmf-dist/tex/latex/hyperref/hpdftex.def
File: hpdftex.def 2017/03/14 v6.85a Hyperref driver for pdfTeX
\Fld@listcount=\count110
\c@bookmark@seq@number=\count111

(c:/texlive/2017/texmf-dist/tex/latex/oberdiek/rerunfilecheck.sty
Package: rerunfilecheck 2016/05/16 v1.8 Rerun checks for auxiliary files (HO)
Package uniquecounter Info: New unique counter `rerunfilecheck' on input line 2
82.
)
\Hy@SectionHShift=\skip46
)
(c:/texlive/2017/texmf-dist/tex/latex/multirow/multirow.sty
Package: multirow 2016/11/25 v2.2 Span multiple rows of a table
\multirow@colwidth=\skip47
\multirow@cntb=\count112
\multirow@dima=\skip48
\bigstrutjot=\dimen128
) (./PlainPaper.aux)
\openout1 = `PlainPaper.aux'.

LaTeX Font Info:    Checking defaults for OML/cmm/m/it on input line 36.
LaTeX Font Info:    ... okay on input line 36.
LaTeX Font Info:    Checking defaults for T1/cmr/m/n on input line 36.
LaTeX Font Info:    ... okay on input line 36.
LaTeX Font Info:    Checking defaults for OT1/cmr/m/n on input line 36.
LaTeX Font Info:    ... okay on input line 36.
LaTeX Font Info:    Checking defaults for OMS/cmsy/m/n on input line 36.
LaTeX Font Info:    ... okay on input line 36.
LaTeX Font Info:    Checking defaults for OMX/cmex/m/n on input line 36.
LaTeX Font Info:    ... okay on input line 36.
LaTeX Font Info:    Checking defaults for U/cmr/m/n on input line 36.
LaTeX Font Info:    ... okay on input line 36.
LaTeX Font Info:    Checking defaults for PD1/pdf/m/n on input line 36.
LaTeX Font Info:    ... okay on input line 36.
(c:/texlive/2017/texmf-dist/tex/context/base/mkii/supp-pdf.mkii
[Loading MPS to PDF converter (version 2006.09.02).]
\scratchcounter=\count113
\scratchdimen=\dimen129
\scratchbox=\box30
\nofMPsegments=\count114
\nofMParguments=\count115
\everyMPshowfont=\toks23
\MPscratchCnt=\count116
\MPscratchDim=\dimen130
\MPnumerator=\count117
\makeMPintoPDFobject=\count118
\everyMPtoPDFconversion=\toks24
) (c:/texlive/2017/texmf-dist/tex/latex/oberdiek/epstopdf-base.sty
Package: epstopdf-base 2016/05/15 v2.6 Base part for package epstopdf

(c:/texlive/2017/texmf-dist/tex/latex/oberdiek/grfext.sty
Package: grfext 2016/05/16 v1.2 Manage graphics extensions (HO)
)
Package epstopdf-base Info: Redefining graphics rule for `.eps' on input line 4
38.
Package grfext Info: Graphics extension search list:
(grfext)             [.pdf,.png,.jpg,.mps,.jpeg,.jbig2,.jb2,.PDF,.PNG,.JPG,.JPE
G,.JBIG2,.JB2,.eps]
(grfext)             \AppendGraphicsExtensions on input line 456.

(c:/texlive/2017/texmf-dist/tex/latex/latexconfig/epstopdf-sys.cfg
File: epstopdf-sys.cfg 2010/07/13 v1.3 Configuration of (r)epstopdf for TeX Liv
e
))
\AtBeginShipoutBox=\box31
Package hyperref Info: Link coloring OFF on input line 36.

(c:/texlive/2017/texmf-dist/tex/latex/hyperref/nameref.sty
Package: nameref 2016/05/21 v2.44 Cross-referencing by name of section

(c:/texlive/2017/texmf-dist/tex/generic/oberdiek/gettitlestring.sty
Package: gettitlestring 2016/05/16 v1.5 Cleanup title references (HO)
)
\c@section@level=\count119
)
LaTeX Info: Redefining \ref on input line 36.
LaTeX Info: Redefining \pageref on input line 36.
LaTeX Info: Redefining \nameref on input line 36.

(./PlainPaper.out) (./PlainPaper.out
pdfTeX warning (Object streams): \pdfobjcompresslevel > 0 requires \pdfminorver
sion > 4. Object streams disabled now.
)
\@outlinefile=\write3
\openout3 = `PlainPaper.out'.

LaTeX Font Info:    Try loading font information for U+msa on input line 56.
 (c:/texlive/2017/texmf-dist/tex/latex/amsfonts/umsa.fd
File: umsa.fd 2013/01/14 v3.01 AMS symbols A
)
LaTeX Font Info:    Try loading font information for U+msb on input line 56.

(c:/texlive/2017/texmf-dist/tex/latex/amsfonts/umsb.fd
File: umsb.fd 2013/01/14 v3.01 AMS symbols B
)
LaTeX Font Info:    Try loading font information for OMS+cmr on input line 56.

(c:/texlive/2017/texmf-dist/tex/latex/base/omscmr.fd
File: omscmr.fd 2014/09/29 v2.5h Standard LaTeX font definitions
)
LaTeX Font Info:    Font shape `OMS/cmr/m/n' in size <8> not available
(Font)              Font shape `OMS/cmsy/m/n' tried instead on input line 56.
LaTeX Font Info:    Font shape `OMS/cmr/m/n' in size <6> not available
(Font)              Font shape `OMS/cmsy/m/n' tried instead on input line 56.
LaTeX Font Info:    Try loading font information for OMS+cmtt on input line 56.

LaTeX Font Info:    No file OMScmtt.fd. on input line 56.


LaTeX Font Warning: Font shape `OMS/cmtt/m/n' undefined
(Font)              using `OMS/cmsy/m/n' instead
(Font)              for symbol `textbraceleft' on input line 56.


Underfull \hbox (badness 1062) in paragraph at lines 56--56
[][]\OT1/cmr/m/n/9 The au-thors are with the De-part-ment of Com-
 []

(./tex_plain_version/introduction.tex
Underfull \vbox (badness 10000) has occurred while \output is active []


Underfull \vbox (badness 10000) has occurred while \output is active []

 [1{c:/texlive/2017/texmf-var/fonts/map/pdftex/updmap/pdftex.map}


]
<images/figure1/n01496331_7428_f1.png, id=78, 256.96pt x 256.96pt>
File: images/figure1/n01496331_7428_f1.png Graphic file (type png)
<use images/figure1/n01496331_7428_f1.png>
Package pdftex.def Info: images/figure1/n01496331_7428_f1.png  used on input li
ne 30. on input line 30.
Package pdftex.def Info: Requested size: 54.2025pt x 54.20236pt on input line 3
0.

Overfull \hbox (8.67792pt too wide) in paragraph at lines 30--30
[][]| 
 []

<images/figure1/n01496331_16340_f1.png, id=79, 256.96pt x 256.96pt>
File: images/figure1/n01496331_16340_f1.png Graphic file (type png)
<use images/figure1/n01496331_16340_f1.png>
Package pdftex.def Info: images/figure1/n01496331_16340_f1.png  used on input l
ine 31. on input line 31.
Package pdftex.def Info: Requested size: 54.2025pt x 54.20236pt on input line 3
1.

Overfull \hbox (8.67792pt too wide) in paragraph at lines 31--31
[][]| 
 []

<images/figure1/n01914609_5148_f1.png, id=80, 256.96pt x 256.96pt>
File: images/figure1/n01914609_5148_f1.png Graphic file (type png)
<use images/figure1/n01914609_5148_f1.png>
Package pdftex.def Info: images/figure1/n01914609_5148_f1.png  used on input li
ne 32. on input line 32.
Package pdftex.def Info: Requested size: 54.2025pt x 54.20236pt on input line 3
2.

Overfull \hbox (8.67792pt too wide) in paragraph at lines 32--32
[][]| 
 []

<images/figure1/robot_f1.png, id=81, 256.96pt x 256.96pt>
File: images/figure1/robot_f1.png Graphic file (type png)
<use images/figure1/robot_f1.png>
Package pdftex.def Info: images/figure1/robot_f1.png  used on input line 33. on
 input line 33.
Package pdftex.def Info: Requested size: 54.2025pt x 54.20236pt on input line 3
3.

Overfull \hbox (5.83292pt too wide) in paragraph at lines 33--34
[][]| 
 []

<images/figure1/n01664065_30279_f1.png, id=82, 256.96pt x 256.96pt>
File: images/figure1/n01664065_30279_f1.png Graphic file (type png)
<use images/figure1/n01664065_30279_f1.png>
Package pdftex.def Info: images/figure1/n01664065_30279_f1.png  used on input l
ine 34. on input line 34.
Package pdftex.def Info: Requested size: 54.2025pt x 54.20236pt on input line 3
4.

Overfull \hbox (8.67792pt too wide) in paragraph at lines 34--34
[][]| 
 []

<images/figure1/n01917289_5711_f1.png, id=83, 256.96pt x 256.96pt>
File: images/figure1/n01917289_5711_f1.png Graphic file (type png)
<use images/figure1/n01917289_5711_f1.png>
Package pdftex.def Info: images/figure1/n01917289_5711_f1.png  used on input li
ne 35. on input line 35.
Package pdftex.def Info: Requested size: 54.2025pt x 54.20236pt on input line 3
5.

Overfull \hbox (8.67792pt too wide) in paragraph at lines 35--35
[][]| 
 []

<images/figure1/n01917289_4087_f1.png, id=84, 256.96pt x 256.96pt>
File: images/figure1/n01917289_4087_f1.png Graphic file (type png)
<use images/figure1/n01917289_4087_f1.png>
Package pdftex.def Info: images/figure1/n01917289_4087_f1.png  used on input li
ne 36. on input line 36.
Package pdftex.def Info: Requested size: 54.2025pt x 54.20236pt on input line 3
6.

Overfull \hbox (8.67792pt too wide) in paragraph at lines 36--36
[][]| 
 []

<images/figure1/n02607072_10395_f1.png, id=85, 256.96pt x 256.96pt>
File: images/figure1/n02607072_10395_f1.png Graphic file (type png)
<use images/figure1/n02607072_10395_f1.png>
Package pdftex.def Info: images/figure1/n02607072_10395_f1.png  used on input l
ine 37. on input line 37.
Package pdftex.def Info: Requested size: 54.2025pt x 54.20236pt on input line 3
7.

Overfull \hbox (5.83292pt too wide) in paragraph at lines 37--38
[][]| 
 []


Overfull \hbox (3.44333pt too wide) in paragraph at lines 29--43
 [][] 
 []


LaTeX Warning: `h' float specifier changed to `ht'.

) (./tex/related.tex [2 <./images/figure1/n01496331_7428_f1.png (PNG copy)> <./
images/figure1/n01496331_16340_f1.png (PNG copy)> <./images/figure1/n01914609_5
148_f1.png (PNG copy)> <./images/figure1/robot_f1.png> <./images/figure1/n01664
065_30279_f1.png (PNG copy)> <./images/figure1/n01917289_5711_f1.png (PNG copy)
> <./images/figure1/n01917289_4087_f1.png (PNG copy)> <./images/figure1/n026070
72_10395_f1.png (PNG copy)>]) (./tex_plain_version/methodology.tex [3]
<images/figure2/n01496331_873_X.jpg, id=126, 256.96pt x 256.96pt>
File: images/figure2/n01496331_873_X.jpg Graphic file (type jpg)
<use images/figure2/n01496331_873_X.jpg>
Package pdftex.def Info: images/figure2/n01496331_873_X.jpg  used on input line
 42. on input line 42.
Package pdftex.def Info: Requested size: 54.2025pt x 54.20236pt on input line 4
2.

Overfull \hbox (8.67792pt too wide) in paragraph at lines 42--42
[][]| 
 []

<images/figure2/n01664065_4022_X.jpg, id=127, 256.96pt x 256.96pt>
File: images/figure2/n01664065_4022_X.jpg Graphic file (type jpg)
<use images/figure2/n01664065_4022_X.jpg>
Package pdftex.def Info: images/figure2/n01664065_4022_X.jpg  used on input lin
e 43. on input line 43.
Package pdftex.def Info: Requested size: 54.2025pt x 54.20236pt on input line 4
3.

Overfull \hbox (8.67792pt too wide) in paragraph at lines 43--43
[][]| 
 []

<images/figure2/n01917289_889_X.jpg, id=128, 256.96pt x 256.96pt>
File: images/figure2/n01917289_889_X.jpg Graphic file (type jpg)
<use images/figure2/n01917289_889_X.jpg>
Package pdftex.def Info: images/figure2/n01917289_889_X.jpg  used on input line
 44. on input line 44.
Package pdftex.def Info: Requested size: 54.2025pt x 54.20236pt on input line 4
4.

Overfull \hbox (8.67792pt too wide) in paragraph at lines 44--44
[][]| 
 []

<images/figure2/n01914609_116_X.jpg, id=129, 256.96pt x 256.96pt>
File: images/figure2/n01914609_116_X.jpg Graphic file (type jpg)
<use images/figure2/n01914609_116_X.jpg>
Package pdftex.def Info: images/figure2/n01914609_116_X.jpg  used on input line
 45. on input line 45.
Package pdftex.def Info: Requested size: 54.2025pt x 54.20236pt on input line 4
5.

Overfull \hbox (8.67792pt too wide) in paragraph at lines 45--46
[][]| 
 []

<images/figure2/n01496331_873_Y.jpg, id=130, 256.96pt x 256.96pt>
File: images/figure2/n01496331_873_Y.jpg Graphic file (type jpg)
<use images/figure2/n01496331_873_Y.jpg>
Package pdftex.def Info: images/figure2/n01496331_873_Y.jpg  used on input line
 46. on input line 46.
Package pdftex.def Info: Requested size: 54.2025pt x 54.20236pt on input line 4
6.

Overfull \hbox (8.67792pt too wide) in paragraph at lines 46--46
[][]| 
 []

<images/figure2/n01664065_4022_Y.jpg, id=131, 256.96pt x 256.96pt>
File: images/figure2/n01664065_4022_Y.jpg Graphic file (type jpg)
<use images/figure2/n01664065_4022_Y.jpg>
Package pdftex.def Info: images/figure2/n01664065_4022_Y.jpg  used on input lin
e 47. on input line 47.
Package pdftex.def Info: Requested size: 54.2025pt x 54.20236pt on input line 4
7.

Overfull \hbox (8.67792pt too wide) in paragraph at lines 47--47
[][]| 
 []

<images/figure2/n01917289_889_Y.jpg, id=132, 256.96pt x 256.96pt>
File: images/figure2/n01917289_889_Y.jpg Graphic file (type jpg)
<use images/figure2/n01917289_889_Y.jpg>
Package pdftex.def Info: images/figure2/n01917289_889_Y.jpg  used on input line
 48. on input line 48.
Package pdftex.def Info: Requested size: 54.2025pt x 54.20236pt on input line 4
8.

Overfull \hbox (8.67792pt too wide) in paragraph at lines 48--48
[][]| 
 []

<images/figure2/n01914609_116_Y.jpg, id=133, 256.96pt x 256.96pt>
File: images/figure2/n01914609_116_Y.jpg Graphic file (type jpg)
<use images/figure2/n01914609_116_Y.jpg>
Package pdftex.def Info: images/figure2/n01914609_116_Y.jpg  used on input line
 49. on input line 49.
Package pdftex.def Info: Requested size: 54.2025pt x 54.20236pt on input line 4
9.

Overfull \hbox (8.67792pt too wide) in paragraph at lines 49--50
[][]| 
 []


Overfull \hbox (0.59833pt too wide) in paragraph at lines 41--52
 [][] 
 []


Underfull \vbox (badness 3471) has occurred while \output is active []

 [4 <./images/figure2/n01496331_873_X.jpg> <./images/figure2/n01664065_4022_X.j
pg> <./images/figure2/n01917289_889_X.jpg> <./images/figure2/n01914609_116_X.jp
g> <./images/figure2/n01496331_873_Y.jpg> <./images/figure2/n01664065_4022_Y.jp
g> <./images/figure2/n01917289_889_Y.jpg> <./images/figure2/n01914609_116_Y.jpg
>]
Overfull \hbox (5.02962pt too wide) detected at line 130
[][][]
 []


Underfull \vbox (badness 1009) has occurred while \output is active []

 [5])
(./tex_plain_version/experiments.tex
Overfull \hbox (2.90468pt too wide) in paragraph at lines 7--7
[][][]\OT1/cmr/m/n/9 https://www.youtube.com/watch?v=QmRFmhILd5o| 
 []

[6]
<images/n01917289_4982_real.png, id=205, 256.96pt x 256.96pt>
File: images/n01917289_4982_real.png Graphic file (type png)
<use images/n01917289_4982_real.png>
Package pdftex.def Info: images/n01917289_4982_real.png  used on input line 47.
 on input line 47.
Package pdftex.def Info: Requested size: 50.58878pt x 50.5873pt on input line 4
7.

Overfull \hbox (5.0642pt too wide) in paragraph at lines 47--47
[][]| 
 []

<images/n01917289_4982_gen_0.png, id=206, 256.96pt x 256.96pt>
File: images/n01917289_4982_gen_0.png Graphic file (type png)
<use images/n01917289_4982_gen_0.png>
Package pdftex.def Info: images/n01917289_4982_gen_0.png  used on input line 48
. on input line 48.
Package pdftex.def Info: Requested size: 50.58878pt x 50.5873pt on input line 4
8.

Overfull \hbox (5.0642pt too wide) in paragraph at lines 48--48
[][]| 
 []

<images/n01917289_4982_gen_1.png, id=207, 256.96pt x 256.96pt>
File: images/n01917289_4982_gen_1.png Graphic file (type png)
<use images/n01917289_4982_gen_1.png>
Package pdftex.def Info: images/n01917289_4982_gen_1.png  used on input line 49
. on input line 49.
Package pdftex.def Info: Requested size: 50.58878pt x 50.5873pt on input line 4
9.

Overfull \hbox (5.0642pt too wide) in paragraph at lines 49--50
[][]| 
 []

<images/n01496331_16340_real.png, id=208, 256.96pt x 256.96pt>
File: images/n01496331_16340_real.png Graphic file (type png)
<use images/n01496331_16340_real.png>
Package pdftex.def Info: images/n01496331_16340_real.png  used on input line 51
. on input line 51.
Package pdftex.def Info: Requested size: 50.58878pt x 50.5873pt on input line 5
1.

Overfull \hbox (5.0642pt too wide) in paragraph at lines 51--51
[][]| 
 []

<images/n01496331_16340_gen_0.png, id=209, 256.96pt x 256.96pt>
File: images/n01496331_16340_gen_0.png Graphic file (type png)
<use images/n01496331_16340_gen_0.png>
Package pdftex.def Info: images/n01496331_16340_gen_0.png  used on input line 5
2. on input line 52.
Package pdftex.def Info: Requested size: 50.58878pt x 50.5873pt on input line 5
2.

Overfull \hbox (5.0642pt too wide) in paragraph at lines 52--52
[][]| 
 []

<images/n01496331_16340_gen_1.png, id=210, 256.96pt x 256.96pt>
File: images/n01496331_16340_gen_1.png Graphic file (type png)
<use images/n01496331_16340_gen_1.png>
Package pdftex.def Info: images/n01496331_16340_gen_1.png  used on input line 5
3. on input line 53.
Package pdftex.def Info: Requested size: 50.58878pt x 50.5873pt on input line 5
3.

Overfull \hbox (5.0642pt too wide) in paragraph at lines 53--54
[][]| 
 []

<images/n01496331_22183_real.png, id=211, 256.96pt x 256.96pt>
File: images/n01496331_22183_real.png Graphic file (type png)
<use images/n01496331_22183_real.png>
Package pdftex.def Info: images/n01496331_22183_real.png  used on input line 55
. on input line 55.
Package pdftex.def Info: Requested size: 50.58878pt x 50.5873pt on input line 5
5.

Overfull \hbox (5.0642pt too wide) in paragraph at lines 55--55
[][]| 
 []

<images/n01496331_22183_gen_0.png, id=212, 256.96pt x 256.96pt>
File: images/n01496331_22183_gen_0.png Graphic file (type png)
<use images/n01496331_22183_gen_0.png>
Package pdftex.def Info: images/n01496331_22183_gen_0.png  used on input line 5
6. on input line 56.
Package pdftex.def Info: Requested size: 50.58878pt x 50.5873pt on input line 5
6.

Overfull \hbox (5.0642pt too wide) in paragraph at lines 56--56
[][]| 
 []

<images/n01496331_22183_gen_1.png, id=213, 256.96pt x 256.96pt>
File: images/n01496331_22183_gen_1.png Graphic file (type png)
<use images/n01496331_22183_gen_1.png>
Package pdftex.def Info: images/n01496331_22183_gen_1.png  used on input line 5
7. on input line 57.
Package pdftex.def Info: Requested size: 50.58878pt x 50.5873pt on input line 5
7.

Overfull \hbox (5.0642pt too wide) in paragraph at lines 57--58
[][]| 
 []

<images/n01664065_29738_real.png, id=214, 256.96pt x 256.96pt>
File: images/n01664065_29738_real.png Graphic file (type png)
<use images/n01664065_29738_real.png>
Package pdftex.def Info: images/n01664065_29738_real.png  used on input line 59
. on input line 59.
Package pdftex.def Info: Requested size: 50.58878pt x 50.5873pt on input line 5
9.

Overfull \hbox (5.0642pt too wide) in paragraph at lines 59--59
[][]| 
 []

<images/n01664065_29738_gen_0.png, id=215, 256.96pt x 256.96pt>
File: images/n01664065_29738_gen_0.png Graphic file (type png)
<use images/n01664065_29738_gen_0.png>
Package pdftex.def Info: images/n01664065_29738_gen_0.png  used on input line 6
0. on input line 60.
Package pdftex.def Info: Requested size: 50.58878pt x 50.5873pt on input line 6
0.

Overfull \hbox (5.0642pt too wide) in paragraph at lines 60--60
[][]| 
 []

<images/n01664065_29738_gen_1.png, id=216, 256.96pt x 256.96pt>
File: images/n01664065_29738_gen_1.png Graphic file (type png)
<use images/n01664065_29738_gen_1.png>
Package pdftex.def Info: images/n01664065_29738_gen_1.png  used on input line 6
1. on input line 61.
Package pdftex.def Info: Requested size: 50.58878pt x 50.5873pt on input line 6
1.

Overfull \hbox (5.0642pt too wide) in paragraph at lines 61--62
[][]| 
 []

<images/n01496331_11938_real.png, id=217, 256.96pt x 256.96pt>
File: images/n01496331_11938_real.png Graphic file (type png)
<use images/n01496331_11938_real.png>
Package pdftex.def Info: images/n01496331_11938_real.png  used on input line 63
. on input line 63.
Package pdftex.def Info: Requested size: 50.58878pt x 50.5873pt on input line 6
3.

Overfull \hbox (5.0642pt too wide) in paragraph at lines 63--63
[][]| 
 []

<images/n01496331_11938_gen_0.png, id=218, 256.96pt x 256.96pt>
File: images/n01496331_11938_gen_0.png Graphic file (type png)
<use images/n01496331_11938_gen_0.png>
Package pdftex.def Info: images/n01496331_11938_gen_0.png  used on input line 6
4. on input line 64.
Package pdftex.def Info: Requested size: 50.58878pt x 50.5873pt on input line 6
4.

Overfull \hbox (5.0642pt too wide) in paragraph at lines 64--64
[][]| 
 []

<images/n01496331_11938_gen_1.png, id=219, 256.96pt x 256.96pt>
File: images/n01496331_11938_gen_1.png Graphic file (type png)
<use images/n01496331_11938_gen_1.png>
Package pdftex.def Info: images/n01496331_11938_gen_1.png  used on input line 6
5. on input line 65.
Package pdftex.def Info: Requested size: 50.58878pt x 50.5873pt on input line 6
5.

Overfull \hbox (5.0642pt too wide) in paragraph at lines 65--66
[][]| 
 []

<images/n02606052_2969_real.png, id=220, 256.96pt x 256.96pt>
File: images/n02606052_2969_real.png Graphic file (type png)
<use images/n02606052_2969_real.png>
Package pdftex.def Info: images/n02606052_2969_real.png  used on input line 67.
 on input line 67.
Package pdftex.def Info: Requested size: 50.58878pt x 50.5873pt on input line 6
7.

Overfull \hbox (5.0642pt too wide) in paragraph at lines 67--67
[][]| 
 []

<images/n02606052_2969_gen_0.png, id=221, 256.96pt x 256.96pt>
File: images/n02606052_2969_gen_0.png Graphic file (type png)
<use images/n02606052_2969_gen_0.png>
Package pdftex.def Info: images/n02606052_2969_gen_0.png  used on input line 68
. on input line 68.
Package pdftex.def Info: Requested size: 50.58878pt x 50.5873pt on input line 6
8.

Overfull \hbox (5.0642pt too wide) in paragraph at lines 68--68
[][]| 
 []

<images/n02606052_2969_gen_1.png, id=222, 256.96pt x 256.96pt>
File: images/n02606052_2969_gen_1.png Graphic file (type png)
<use images/n02606052_2969_gen_1.png>
Package pdftex.def Info: images/n02606052_2969_gen_1.png  used on input line 69
. on input line 69.
Package pdftex.def Info: Requested size: 50.58878pt x 50.5873pt on input line 6
9.

Overfull \hbox (5.0642pt too wide) in paragraph at lines 69--70
[][]| 
 []

<images/n01914609_1607_real.png, id=223, 256.96pt x 256.96pt>
File: images/n01914609_1607_real.png Graphic file (type png)
<use images/n01914609_1607_real.png>
Package pdftex.def Info: images/n01914609_1607_real.png  used on input line 71.
 on input line 71.
Package pdftex.def Info: Requested size: 50.58878pt x 50.5873pt on input line 7
1.

Overfull \hbox (5.0642pt too wide) in paragraph at lines 71--71
[][]| 
 []

<images/n01914609_1607_gen_0.png, id=224, 256.96pt x 256.96pt>
File: images/n01914609_1607_gen_0.png Graphic file (type png)
<use images/n01914609_1607_gen_0.png>
Package pdftex.def Info: images/n01914609_1607_gen_0.png  used on input line 72
. on input line 72.
Package pdftex.def Info: Requested size: 50.58878pt x 50.5873pt on input line 7
2.

Overfull \hbox (5.0642pt too wide) in paragraph at lines 72--72
[][]| 
 []

<images/n01914609_1607_gen_1.png, id=225, 256.96pt x 256.96pt>
File: images/n01914609_1607_gen_1.png Graphic file (type png)
<use images/n01914609_1607_gen_1.png>
Package pdftex.def Info: images/n01914609_1607_gen_1.png  used on input line 73
. on input line 73.
Package pdftex.def Info: Requested size: 50.58878pt x 50.5873pt on input line 7
3.

Overfull \hbox (5.0642pt too wide) in paragraph at lines 73--74
[][]| 
 []

<images/n02607072_6241_real.png, id=226, 256.96pt x 256.96pt>
File: images/n02607072_6241_real.png Graphic file (type png)
<use images/n02607072_6241_real.png>
Package pdftex.def Info: images/n02607072_6241_real.png  used on input line 75.
 on input line 75.
Package pdftex.def Info: Requested size: 50.58878pt x 50.5873pt on input line 7
5.

Overfull \hbox (5.0642pt too wide) in paragraph at lines 75--75
[][]| 
 []

<images/n02607072_6241_gen_0.png, id=227, 256.96pt x 256.96pt>
File: images/n02607072_6241_gen_0.png Graphic file (type png)
<use images/n02607072_6241_gen_0.png>
Package pdftex.def Info: images/n02607072_6241_gen_0.png  used on input line 76
. on input line 76.
Package pdftex.def Info: Requested size: 50.58878pt x 50.5873pt on input line 7
6.

Overfull \hbox (5.0642pt too wide) in paragraph at lines 76--76
[][]| 
 []

<images/n02607072_6241_gen_1.png, id=228, 256.96pt x 256.96pt>
File: images/n02607072_6241_gen_1.png Graphic file (type png)
<use images/n02607072_6241_gen_1.png>
Package pdftex.def Info: images/n02607072_6241_gen_1.png  used on input line 77
. on input line 77.
Package pdftex.def Info: Requested size: 50.58878pt x 50.5873pt on input line 7
7.

Overfull \hbox (5.0642pt too wide) in paragraph at lines 77--78
[][]| 
 []


Underfull \vbox (badness 3872) has occurred while \output is active []

 [7 <./images/n01917289_4982_real.png (PNG copy)> <./images/n01917289_4982_gen_
0.png (PNG copy)> <./images/n01917289_4982_gen_1.png (PNG copy)> <./images/n014
96331_16340_real.png (PNG copy)> <./images/n01496331_16340_gen_0.png (PNG copy)
> <./images/n01496331_16340_gen_1.png (PNG copy)> <./images/n01496331_22183_rea
l.png (PNG copy)> <./images/n01496331_22183_gen_0.png (PNG copy)> <./images/n01
496331_22183_gen_1.png (PNG copy)> <./images/n01664065_29738_real.png (PNG copy
)> <./images/n01664065_29738_gen_0.png (PNG copy)> <./images/n01664065_29738_ge
n_1.png (PNG copy)> <./images/n01496331_11938_real.png (PNG copy)> <./images/n0
1496331_11938_gen_0.png (PNG copy)> <./images/n01496331_11938_gen_1.png (PNG co
py)> <./images/n02606052_2969_real.png (PNG copy)> <./images/n02606052_2969_gen
_0.png (PNG copy)> <./images/n02606052_2969_gen_1.png (PNG copy)> <./images/n01
914609_1607_real.png (PNG copy)> <./images/n01914609_1607_gen_0.png (PNG copy)>
 <./images/n01914609_1607_gen_1.png (PNG copy)> <./images/n02607072_6241_real.p
ng (PNG copy)> <./images/n02607072_6241_gen_0.png (PNG copy)> <./images/n026070
72_6241_gen_1.png (PNG copy)>]
<images/edges/1_original.png, id=249, 256.96pt x 256.96pt>
File: images/edges/1_original.png Graphic file (type png)
<use images/edges/1_original.png>
Package pdftex.def Info: images/edges/1_original.png  used on input line 149. o
n input line 149.
Package pdftex.def Info: Requested size: 50.58878pt x 50.5873pt on input line 1
49.

Overfull \hbox (5.0642pt too wide) in paragraph at lines 149--149
[][]| 
 []

<images/edges/1_cimg.png, id=250, 256.96pt x 256.96pt>
File: images/edges/1_cimg.png Graphic file (type png)
<use images/edges/1_cimg.png>
Package pdftex.def Info: images/edges/1_cimg.png  used on input line 150. on in
put line 150.
Package pdftex.def Info: Requested size: 50.58878pt x 50.5873pt on input line 1
50.

Overfull \hbox (5.0642pt too wide) in paragraph at lines 150--150
[][]| 
 []

<images/edges/1_u0img.png, id=251, 256.96pt x 256.96pt>
File: images/edges/1_u0img.png Graphic file (type png)
<use images/edges/1_u0img.png>
Package pdftex.def Info: images/edges/1_u0img.png  used on input line 151. on i
nput line 151.
Package pdftex.def Info: Requested size: 50.58878pt x 50.5873pt on input line 1
51.

Overfull \hbox (5.0642pt too wide) in paragraph at lines 151--151
[][]| 
 []

<images/edges/1_u1img.png, id=252, 256.96pt x 256.96pt>
File: images/edges/1_u1img.png Graphic file (type png)
<use images/edges/1_u1img.png>
Package pdftex.def Info: images/edges/1_u1img.png  used on input line 152. on i
nput line 152.
Package pdftex.def Info: Requested size: 50.58878pt x 50.5873pt on input line 1
52.

Overfull \hbox (5.0642pt too wide) in paragraph at lines 152--152
[][]| 
 []

<images/edges/1_oedges.png, id=253, 256.96pt x 256.96pt>
File: images/edges/1_oedges.png Graphic file (type png)
<use images/edges/1_oedges.png>
Package pdftex.def Info: images/edges/1_oedges.png  used on input line 153. on 
input line 153.
Package pdftex.def Info: Requested size: 50.58878pt x 50.5873pt on input line 1
53.

Overfull \hbox (5.0642pt too wide) in paragraph at lines 153--153
[][]| 
 []

<images/edges/1_cedges.png, id=254, 256.96pt x 256.96pt>
File: images/edges/1_cedges.png Graphic file (type png)
<use images/edges/1_cedges.png>
Package pdftex.def Info: images/edges/1_cedges.png  used on input line 154. on 
input line 154.
Package pdftex.def Info: Requested size: 50.58878pt x 50.5873pt on input line 1
54.

Overfull \hbox (5.0642pt too wide) in paragraph at lines 154--154
[][]| 
 []

<images/edges/1_u0edges.png, id=255, 256.96pt x 256.96pt>
File: images/edges/1_u0edges.png Graphic file (type png)
<use images/edges/1_u0edges.png>
Package pdftex.def Info: images/edges/1_u0edges.png  used on input line 155. on
 input line 155.
Package pdftex.def Info: Requested size: 50.58878pt x 50.5873pt on input line 1
55.

Overfull \hbox (5.0642pt too wide) in paragraph at lines 155--155
[][]| 
 []

<images/edges/1_u1edges.png, id=256, 256.96pt x 256.96pt>
File: images/edges/1_u1edges.png Graphic file (type png)
<use images/edges/1_u1edges.png>
Package pdftex.def Info: images/edges/1_u1edges.png  used on input line 156. on
 input line 156.
Package pdftex.def Info: Requested size: 50.58878pt x 50.5873pt on input line 1
56.

Overfull \hbox (5.0642pt too wide) in paragraph at lines 156--157
[][]| 
 []

<images/edges/2_original.png, id=257, 256.96pt x 256.96pt>
File: images/edges/2_original.png Graphic file (type png)
<use images/edges/2_original.png>
Package pdftex.def Info: images/edges/2_original.png  used on input line 158. o
n input line 158.
Package pdftex.def Info: Requested size: 50.58878pt x 50.5873pt on input line 1
58.

Overfull \hbox (5.0642pt too wide) in paragraph at lines 158--158
[][]| 
 []

<images/edges/2_cimg.png, id=258, 256.96pt x 256.96pt>
File: images/edges/2_cimg.png Graphic file (type png)
<use images/edges/2_cimg.png>
Package pdftex.def Info: images/edges/2_cimg.png  used on input line 159. on in
put line 159.
Package pdftex.def Info: Requested size: 50.58878pt x 50.5873pt on input line 1
59.

Overfull \hbox (5.0642pt too wide) in paragraph at lines 159--159
[][]| 
 []

<images/edges/2_u0img.png, id=259, 256.96pt x 256.96pt>
File: images/edges/2_u0img.png Graphic file (type png)
<use images/edges/2_u0img.png>
Package pdftex.def Info: images/edges/2_u0img.png  used on input line 160. on i
nput line 160.
Package pdftex.def Info: Requested size: 50.58878pt x 50.5873pt on input line 1
60.

Overfull \hbox (5.0642pt too wide) in paragraph at lines 160--160
[][]| 
 []

<images/edges/2_u1img.png, id=260, 256.96pt x 256.96pt>
File: images/edges/2_u1img.png Graphic file (type png)
<use images/edges/2_u1img.png>
Package pdftex.def Info: images/edges/2_u1img.png  used on input line 161. on i
nput line 161.
Package pdftex.def Info: Requested size: 50.58878pt x 50.5873pt on input line 1
61.

Overfull \hbox (5.0642pt too wide) in paragraph at lines 161--161
[][]| 
 []

<images/edges/2_oedges.png, id=261, 256.96pt x 256.96pt>
File: images/edges/2_oedges.png Graphic file (type png)
<use images/edges/2_oedges.png>
Package pdftex.def Info: images/edges/2_oedges.png  used on input line 162. on 
input line 162.
Package pdftex.def Info: Requested size: 50.58878pt x 50.5873pt on input line 1
62.

Overfull \hbox (5.0642pt too wide) in paragraph at lines 162--162
[][]| 
 []

<images/edges/2_cedges.png, id=262, 256.96pt x 256.96pt>
File: images/edges/2_cedges.png Graphic file (type png)
<use images/edges/2_cedges.png>
Package pdftex.def Info: images/edges/2_cedges.png  used on input line 163. on 
input line 163.
Package pdftex.def Info: Requested size: 50.58878pt x 50.5873pt on input line 1
63.

Overfull \hbox (5.0642pt too wide) in paragraph at lines 163--163
[][]| 
 []

<images/edges/2_u0edges.png, id=263, 256.96pt x 256.96pt>
File: images/edges/2_u0edges.png Graphic file (type png)
<use images/edges/2_u0edges.png>
Package pdftex.def Info: images/edges/2_u0edges.png  used on input line 164. on
 input line 164.
Package pdftex.def Info: Requested size: 50.58878pt x 50.5873pt on input line 1
64.

Overfull \hbox (5.0642pt too wide) in paragraph at lines 164--164
[][]| 
 []

<images/edges/2_u1edges.png, id=264, 256.96pt x 256.96pt>
File: images/edges/2_u1edges.png Graphic file (type png)
<use images/edges/2_u1edges.png>
Package pdftex.def Info: images/edges/2_u1edges.png  used on input line 165. on
 input line 165.
Package pdftex.def Info: Requested size: 50.58878pt x 50.5873pt on input line 1
65.

Overfull \hbox (5.0642pt too wide) in paragraph at lines 165--166
[][]| 
 []

<images/edges/3_original.png, id=265, 256.96pt x 256.96pt>
File: images/edges/3_original.png Graphic file (type png)
<use images/edges/3_original.png>
Package pdftex.def Info: images/edges/3_original.png  used on input line 167. o
n input line 167.
Package pdftex.def Info: Requested size: 50.58878pt x 50.5873pt on input line 1
67.

Overfull \hbox (5.0642pt too wide) in paragraph at lines 167--167
[][]| 
 []

<images/edges/3_cimg.png, id=266, 256.96pt x 256.96pt>
File: images/edges/3_cimg.png Graphic file (type png)
<use images/edges/3_cimg.png>
Package pdftex.def Info: images/edges/3_cimg.png  used on input line 168. on in
put line 168.
Package pdftex.def Info: Requested size: 50.58878pt x 50.5873pt on input line 1
68.

Overfull \hbox (5.0642pt too wide) in paragraph at lines 168--168
[][]| 
 []

<images/edges/3_u0img.png, id=267, 256.96pt x 256.96pt>
File: images/edges/3_u0img.png Graphic file (type png)
<use images/edges/3_u0img.png>
Package pdftex.def Info: images/edges/3_u0img.png  used on input line 169. on i
nput line 169.
Package pdftex.def Info: Requested size: 50.58878pt x 50.5873pt on input line 1
69.

Overfull \hbox (5.0642pt too wide) in paragraph at lines 169--169
[][]| 
 []

<images/edges/3_u1img.png, id=268, 256.96pt x 256.96pt>
File: images/edges/3_u1img.png Graphic file (type png)
<use images/edges/3_u1img.png>
Package pdftex.def Info: images/edges/3_u1img.png  used on input line 170. on i
nput line 170.
Package pdftex.def Info: Requested size: 50.58878pt x 50.5873pt on input line 1
70.

Overfull \hbox (5.0642pt too wide) in paragraph at lines 170--170
[][]| 
 []

<images/edges/3_oedges.png, id=269, 256.96pt x 256.96pt>
File: images/edges/3_oedges.png Graphic file (type png)
<use images/edges/3_oedges.png>
Package pdftex.def Info: images/edges/3_oedges.png  used on input line 171. on 
input line 171.
Package pdftex.def Info: Requested size: 50.58878pt x 50.5873pt on input line 1
71.

Overfull \hbox (5.0642pt too wide) in paragraph at lines 171--171
[][]| 
 []

<images/edges/3_cedges.png, id=270, 256.96pt x 256.96pt>
File: images/edges/3_cedges.png Graphic file (type png)
<use images/edges/3_cedges.png>
Package pdftex.def Info: images/edges/3_cedges.png  used on input line 172. on 
input line 172.
Package pdftex.def Info: Requested size: 50.58878pt x 50.5873pt on input line 1
72.

Overfull \hbox (5.0642pt too wide) in paragraph at lines 172--172
[][]| 
 []

<images/edges/3_u0edges.png, id=271, 256.96pt x 256.96pt>
File: images/edges/3_u0edges.png Graphic file (type png)
<use images/edges/3_u0edges.png>
Package pdftex.def Info: images/edges/3_u0edges.png  used on input line 173. on
 input line 173.
Package pdftex.def Info: Requested size: 50.58878pt x 50.5873pt on input line 1
73.

Overfull \hbox (5.0642pt too wide) in paragraph at lines 173--173
[][]| 
 []

<images/edges/3_u1edges.png, id=272, 256.96pt x 256.96pt>
File: images/edges/3_u1edges.png Graphic file (type png)
<use images/edges/3_u1edges.png>
Package pdftex.def Info: images/edges/3_u1edges.png  used on input line 174. on
 input line 174.
Package pdftex.def Info: Requested size: 50.58878pt x 50.5873pt on input line 1
74.

Overfull \hbox (5.0642pt too wide) in paragraph at lines 174--175
[][]| 
 []

<images/edges/4_original.png, id=273, 256.96pt x 256.96pt>
File: images/edges/4_original.png Graphic file (type png)
<use images/edges/4_original.png>
Package pdftex.def Info: images/edges/4_original.png  used on input line 176. o
n input line 176.
Package pdftex.def Info: Requested size: 50.58878pt x 50.5873pt on input line 1
76.

Overfull \hbox (5.0642pt too wide) in paragraph at lines 176--176
[][]| 
 []

<images/edges/4_cimg.png, id=274, 256.96pt x 256.96pt>
File: images/edges/4_cimg.png Graphic file (type png)
<use images/edges/4_cimg.png>
Package pdftex.def Info: images/edges/4_cimg.png  used on input line 177. on in
put line 177.
Package pdftex.def Info: Requested size: 50.58878pt x 50.5873pt on input line 1
77.

Overfull \hbox (5.0642pt too wide) in paragraph at lines 177--177
[][]| 
 []

<images/edges/4_u0img.png, id=275, 256.96pt x 256.96pt>
File: images/edges/4_u0img.png Graphic file (type png)
<use images/edges/4_u0img.png>
Package pdftex.def Info: images/edges/4_u0img.png  used on input line 178. on i
nput line 178.
Package pdftex.def Info: Requested size: 50.58878pt x 50.5873pt on input line 1
78.

Overfull \hbox (5.0642pt too wide) in paragraph at lines 178--178
[][]| 
 []

<images/edges/4_u1img.png, id=276, 256.96pt x 256.96pt>
File: images/edges/4_u1img.png Graphic file (type png)
<use images/edges/4_u1img.png>
Package pdftex.def Info: images/edges/4_u1img.png  used on input line 179. on i
nput line 179.
Package pdftex.def Info: Requested size: 50.58878pt x 50.5873pt on input line 1
79.

Overfull \hbox (5.0642pt too wide) in paragraph at lines 179--179
[][]| 
 []

<images/edges/4_oedges.png, id=277, 256.96pt x 256.96pt>
File: images/edges/4_oedges.png Graphic file (type png)
<use images/edges/4_oedges.png>
Package pdftex.def Info: images/edges/4_oedges.png  used on input line 180. on 
input line 180.
Package pdftex.def Info: Requested size: 50.58878pt x 50.5873pt on input line 1
80.

Overfull \hbox (5.0642pt too wide) in paragraph at lines 180--180
[][]| 
 []

<images/edges/4_cedges.png, id=278, 256.96pt x 256.96pt>
File: images/edges/4_cedges.png Graphic file (type png)
<use images/edges/4_cedges.png>
Package pdftex.def Info: images/edges/4_cedges.png  used on input line 181. on 
input line 181.
Package pdftex.def Info: Requested size: 50.58878pt x 50.5873pt on input line 1
81.

Overfull \hbox (5.0642pt too wide) in paragraph at lines 181--181
[][]| 
 []

<images/edges/4_u0edges.png, id=279, 256.96pt x 256.96pt>
File: images/edges/4_u0edges.png Graphic file (type png)
<use images/edges/4_u0edges.png>
Package pdftex.def Info: images/edges/4_u0edges.png  used on input line 182. on
 input line 182.
Package pdftex.def Info: Requested size: 50.58878pt x 50.5873pt on input line 1
82.

Overfull \hbox (5.0642pt too wide) in paragraph at lines 182--182
[][]| 
 []

<images/edges/4_u1edges.png, id=280, 256.96pt x 256.96pt>
File: images/edges/4_u1edges.png Graphic file (type png)
<use images/edges/4_u1edges.png>
Package pdftex.def Info: images/edges/4_u1edges.png  used on input line 183. on
 input line 183.
Package pdftex.def Info: Requested size: 50.58878pt x 50.5873pt on input line 1
83.

Overfull \hbox (5.0642pt too wide) in paragraph at lines 183--184
[][]| 
 []


Overfull \hbox (0.59833pt too wide) in paragraph at lines 147--189
 [][] 
 []

<images/figure3/flickr_cmp.png, id=283, 256.96pt x 256.96pt>
File: images/figure3/flickr_cmp.png Graphic file (type png)
<use images/figure3/flickr_cmp.png>
Package pdftex.def Info: images/figure3/flickr_cmp.png  used on input line 201.
 on input line 201.
Package pdftex.def Info: Requested size: 122.85876pt x 122.86104pt on input lin
e 201.

Overfull \hbox (9.04774pt too wide) in paragraph at lines 201--201
[][]| 
 []

<images/figure3/cgan_cmp.png, id=284, 256.96pt x 256.96pt>
File: images/figure3/cgan_cmp.png Graphic file (type png)
<use images/figure3/cgan_cmp.png>
Package pdftex.def Info: images/figure3/cgan_cmp.png  used on input line 202. o
n input line 202.
Package pdftex.def Info: Requested size: 122.85876pt x 122.86104pt on input lin
e 202.

Overfull \hbox (9.04774pt too wide) in paragraph at lines 202--202
[][]| 
 []

<images/figure3/ugan_cmp.png, id=285, 256.96pt x 256.96pt>
File: images/figure3/ugan_cmp.png Graphic file (type png)
<use images/figure3/ugan_cmp.png>
Package pdftex.def Info: images/figure3/ugan_cmp.png  used on input line 203. o
n input line 203.
Package pdftex.def Info: Requested size: 122.85876pt x 122.86104pt on input lin
e 203.

Overfull \hbox (9.04774pt too wide) in paragraph at lines 203--203
[][]| 
 []

<images/figure3/uganp_cmp.png, id=286, 256.96pt x 256.96pt>
File: images/figure3/uganp_cmp.png Graphic file (type png)
<use images/figure3/uganp_cmp.png>
Package pdftex.def Info: images/figure3/uganp_cmp.png  used on input line 204. 
on input line 204.
Package pdftex.def Info: Requested size: 122.85876pt x 122.86104pt on input lin
e 204.

Overfull \hbox (9.04774pt too wide) in paragraph at lines 204--204
[][]| 
 []


Overfull \hbox (34.24408pt too wide) in paragraph at lines 197--207
 [][] 
 []

<images/figure3/flickr_crop1.png, id=287, 64.24pt x 64.24pt>
File: images/figure3/flickr_crop1.png Graphic file (type png)
<use images/figure3/flickr_crop1.png>
Package pdftex.def Info: images/figure3/flickr_crop1.png  used on input line 21
2. on input line 212.
Package pdftex.def Info: Requested size: 57.81621pt x 57.81741pt on input line 
212.

Overfull \hbox (6.60117pt too wide) in paragraph at lines 212--212
[][]| 
 []

<images/figure3/flickr_crop2.png, id=288, 64.24pt x 64.24pt>
File: images/figure3/flickr_crop2.png Graphic file (type png)
<use images/figure3/flickr_crop2.png>
Package pdftex.def Info: images/figure3/flickr_crop2.png  used on input line 21
3. on input line 213.
Package pdftex.def Info: Requested size: 57.81621pt x 57.81741pt on input line 
213.

Overfull \hbox (5.17844pt too wide) in paragraph at lines 213--213
[][]| 
 []

<images/figure3/cgan_crop1.png, id=289, 64.24pt x 64.24pt>
File: images/figure3/cgan_crop1.png Graphic file (type png)
<use images/figure3/cgan_crop1.png>
Package pdftex.def Info: images/figure3/cgan_crop1.png  used on input line 214.
 on input line 214.
Package pdftex.def Info: Requested size: 57.81621pt x 57.81741pt on input line 
214.

Overfull \hbox (6.60117pt too wide) in paragraph at lines 214--214
[][]| 
 []

<images/figure3/cgan_crop2.png, id=290, 64.24pt x 64.24pt>
File: images/figure3/cgan_crop2.png Graphic file (type png)
<use images/figure3/cgan_crop2.png>
Package pdftex.def Info: images/figure3/cgan_crop2.png  used on input line 215.
 on input line 215.
Package pdftex.def Info: Requested size: 57.81621pt x 57.81741pt on input line 
215.

Overfull \hbox (6.60117pt too wide) in paragraph at lines 215--215
[][]| 
 []

<images/figure3/ugan_crop1.png, id=291, 64.24pt x 64.24pt>
File: images/figure3/ugan_crop1.png Graphic file (type png)
<use images/figure3/ugan_crop1.png>
Package pdftex.def Info: images/figure3/ugan_crop1.png  used on input line 216.
 on input line 216.
Package pdftex.def Info: Requested size: 57.81621pt x 57.81741pt on input line 
216.

Overfull \hbox (6.60117pt too wide) in paragraph at lines 216--216
[][]| 
 []

<images/figure3/ugan_crop2.png, id=292, 64.24pt x 64.24pt>
File: images/figure3/ugan_crop2.png Graphic file (type png)
<use images/figure3/ugan_crop2.png>
Package pdftex.def Info: images/figure3/ugan_crop2.png  used on input line 217.
 on input line 217.
Package pdftex.def Info: Requested size: 57.81621pt x 57.81741pt on input line 
217.

Overfull \hbox (6.60117pt too wide) in paragraph at lines 217--217
[][]| 
 []

File: images/figure3/ugan_crop1.png Graphic file (type png)
<use images/figure3/ugan_crop1.png>
Package pdftex.def Info: images/figure3/ugan_crop1.png  used on input line 218.
 on input line 218.
Package pdftex.def Info: Requested size: 57.81621pt x 57.81741pt on input line 
218.

Overfull \hbox (6.60117pt too wide) in paragraph at lines 218--218
[][]| 
 []

File: images/figure3/ugan_crop2.png Graphic file (type png)
<use images/figure3/ugan_crop2.png>
Package pdftex.def Info: images/figure3/ugan_crop2.png  used on input line 219.
 on input line 219.
Package pdftex.def Info: Requested size: 57.81621pt x 57.81741pt on input line 
219.

Overfull \hbox (3.75615pt too wide) in paragraph at lines 219--220
[][]| 
 []

<images/figure3/flickr_crop3.png, id=293, 64.24pt x 64.24pt>
File: images/figure3/flickr_crop3.png Graphic file (type png)
<use images/figure3/flickr_crop3.png>
Package pdftex.def Info: images/figure3/flickr_crop3.png  used on input line 22
1. on input line 221.
Package pdftex.def Info: Requested size: 57.81621pt x 57.81741pt on input line 
221.

Overfull \hbox (6.60117pt too wide) in paragraph at lines 221--221
[][]| 
 []

<images/figure3/flickr_crop4.png, id=294, 64.24pt x 64.24pt>
File: images/figure3/flickr_crop4.png Graphic file (type png)
<use images/figure3/flickr_crop4.png>
Package pdftex.def Info: images/figure3/flickr_crop4.png  used on input line 22
2. on input line 222.
Package pdftex.def Info: Requested size: 57.81621pt x 57.81741pt on input line 
222.

Overfull \hbox (5.17844pt too wide) in paragraph at lines 222--222
[][]| 
 []

<images/figure3/cgan_crop3.png, id=295, 64.24pt x 64.24pt>
File: images/figure3/cgan_crop3.png Graphic file (type png)
<use images/figure3/cgan_crop3.png>
Package pdftex.def Info: images/figure3/cgan_crop3.png  used on input line 223.
 on input line 223.
Package pdftex.def Info: Requested size: 57.81621pt x 57.81741pt on input line 
223.

Overfull \hbox (6.60117pt too wide) in paragraph at lines 223--223
[][]| 
 []

<images/figure3/cgan_crop4.png, id=296, 64.24pt x 64.24pt>
File: images/figure3/cgan_crop4.png Graphic file (type png)
<use images/figure3/cgan_crop4.png>
Package pdftex.def Info: images/figure3/cgan_crop4.png  used on input line 224.
 on input line 224.
Package pdftex.def Info: Requested size: 57.81621pt x 57.81741pt on input line 
224.

Overfull \hbox (6.60117pt too wide) in paragraph at lines 224--224
[][]| 
 []

<images/figure3/ugan_crop3.png, id=297, 64.24pt x 64.24pt>
File: images/figure3/ugan_crop3.png Graphic file (type png)
<use images/figure3/ugan_crop3.png>
Package pdftex.def Info: images/figure3/ugan_crop3.png  used on input line 225.
 on input line 225.
Package pdftex.def Info: Requested size: 57.81621pt x 57.81741pt on input line 
225.

Overfull \hbox (6.60117pt too wide) in paragraph at lines 225--225
[][]| 
 []

<images/figure3/ugan_crop4.png, id=298, 64.24pt x 64.24pt>
File: images/figure3/ugan_crop4.png Graphic file (type png)
<use images/figure3/ugan_crop4.png>
Package pdftex.def Info: images/figure3/ugan_crop4.png  used on input line 226.
 on input line 226.
Package pdftex.def Info: Requested size: 57.81621pt x 57.81741pt on input line 
226.

Overfull \hbox (6.60117pt too wide) in paragraph at lines 226--226
[][]| 
 []

File: images/figure3/ugan_crop3.png Graphic file (type png)
<use images/figure3/ugan_crop3.png>
Package pdftex.def Info: images/figure3/ugan_crop3.png  used on input line 227.
 on input line 227.
Package pdftex.def Info: Requested size: 57.81621pt x 57.81741pt on input line 
227.

Overfull \hbox (6.60117pt too wide) in paragraph at lines 227--227
[][]| 
 []

File: images/figure3/ugan_crop4.png Graphic file (type png)
<use images/figure3/ugan_crop4.png>
Package pdftex.def Info: images/figure3/ugan_crop4.png  used on input line 228.
 on input line 228.
Package pdftex.def Info: Requested size: 57.81621pt x 57.81741pt on input line 
228.

Overfull \hbox (3.75615pt too wide) in paragraph at lines 228--229
[][]| 
 []


Overfull \hbox (40.98808pt too wide) in paragraph at lines 210--232
[][] 
 []


Underfull \hbox (badness 1253) in paragraph at lines 267--273
\OT1/cmr/m/n/10.95 tions. MDPM tracker is de-signed for un-
 []


Underfull \hbox (badness 2376) in paragraph at lines 267--273
\OT1/cmr/m/n/10.95 der-wa-ter robots to fol-low scuba divers by
 []


Underfull \vbox (badness 10000) has occurred while \output is active []



LaTeX Warning: Text page 8 contains only floats.

[8 <./images/edges/1_original.png (PNG copy)> <./images/edges/1_cimg.png (PNG c
opy)> <./images/edges/1_u0img.png (PNG copy)> <./images/edges/1_u1img.png (PNG 
copy)> <./images/edges/1_oedges.png (PNG copy)> <./images/edges/1_cedges.png (P
NG copy)> <./images/edges/1_u0edges.png (PNG copy)> <./images/edges/1_u1edges.p
ng (PNG copy)> <./images/edges/2_original.png (PNG copy)> <./images/edges/2_cim
g.png (PNG copy)> <./images/edges/2_u0img.png (PNG copy)> <./images/edges/2_u1i
mg.png (PNG copy)> <./images/edges/2_oedges.png (PNG copy)> <./images/edges/2_c
edges.png (PNG copy)> <./images/edges/2_u0edges.png (PNG copy)> <./images/edges
/2_u1edges.png (PNG copy)> <./images/edges/3_original.png (PNG copy)> <./images
/edges/3_cimg.png (PNG copy)> <./images/edges/3_u0img.png (PNG copy)> <./images
/edges/3_u1img.png (PNG copy)> <./images/edges/3_oedges.png (PNG copy)> <./imag
es/edges/3_cedges.png (PNG copy)> <./images/edges/3_u0edges.png (PNG copy)> <./
images/edges/3_u1edges.png (PNG copy)> <./images/edges/4_original.png (PNG copy
)> <./images/edges/4_cimg.png (PNG copy)> <./images/edges/4_u0img.png (PNG copy
)> <./images/edges/4_u1img.png (PNG copy)> <./images/edges/4_oedges.png (PNG co
py)> <./images/edges/4_cedges.png (PNG copy)> <./images/edges/4_u0edges.png (PN
G copy)> <./images/edges/4_u1edges.png (PNG copy)>]
Underfull \vbox (badness 10000) has occurred while \output is active []

<images/mdpm/real1.png, id=312, 256.96pt x 256.96pt>
File: images/mdpm/real1.png Graphic file (type png)
<use images/mdpm/real1.png>
Package pdftex.def Info: images/mdpm/real1.png  used on input line 282. on inpu
t line 282.
Package pdftex.def Info: Requested size: 122.85876pt x 122.86104pt on input lin
e 282.

Overfull \hbox (9.04774pt too wide) in paragraph at lines 282--282
[][]| 
 []

<images/mdpm/real2.png, id=313, 256.96pt x 256.96pt>
File: images/mdpm/real2.png Graphic file (type png)
<use images/mdpm/real2.png>
Package pdftex.def Info: images/mdpm/real2.png  used on input line 283. on inpu
t line 283.
Package pdftex.def Info: Requested size: 122.85876pt x 122.86104pt on input lin
e 283.

Overfull \hbox (9.04774pt too wide) in paragraph at lines 283--283
[][]| 
 []

<images/mdpm/real3.png, id=314, 256.96pt x 256.96pt>
File: images/mdpm/real3.png Graphic file (type png)
<use images/mdpm/real3.png>
Package pdftex.def Info: images/mdpm/real3.png  used on input line 284. on inpu
t line 284.
Package pdftex.def Info: Requested size: 122.85876pt x 122.86104pt on input lin
e 284.

Overfull \hbox (9.04774pt too wide) in paragraph at lines 284--284
[][]| 
 []

<images/mdpm/real4.png, id=315, 256.96pt x 256.96pt>
File: images/mdpm/real4.png Graphic file (type png)
<use images/mdpm/real4.png>
Package pdftex.def Info: images/mdpm/real4.png  used on input line 285. on inpu
t line 285.
Package pdftex.def Info: Requested size: 122.85876pt x 122.86104pt on input lin
e 285.

Overfull \hbox (9.04774pt too wide) in paragraph at lines 285--286
[][]| 
 []

<images/mdpm/gen1.png, id=316, 256.96pt x 256.96pt>
File: images/mdpm/gen1.png Graphic file (type png)
<use images/mdpm/gen1.png>
Package pdftex.def Info: images/mdpm/gen1.png  used on input line 286. on input
 line 286.
Package pdftex.def Info: Requested size: 122.85876pt x 122.86104pt on input lin
e 286.

Overfull \hbox (9.04774pt too wide) in paragraph at lines 286--286
[][]| 
 []

<images/mdpm/gen2.png, id=317, 256.96pt x 256.96pt>
File: images/mdpm/gen2.png Graphic file (type png)
<use images/mdpm/gen2.png>
Package pdftex.def Info: images/mdpm/gen2.png  used on input line 287. on input
 line 287.
Package pdftex.def Info: Requested size: 122.85876pt x 122.86104pt on input lin
e 287.

Overfull \hbox (9.04774pt too wide) in paragraph at lines 287--287
[][]| 
 []

<images/mdpm/gen3.png, id=318, 256.96pt x 256.96pt>
File: images/mdpm/gen3.png Graphic file (type png)
<use images/mdpm/gen3.png>
Package pdftex.def Info: images/mdpm/gen3.png  used on input line 288. on input
 line 288.
Package pdftex.def Info: Requested size: 122.85876pt x 122.86104pt on input lin
e 288.

Overfull \hbox (9.04774pt too wide) in paragraph at lines 288--288
[][]| 
 []

<images/mdpm/gen4.png, id=319, 256.96pt x 256.96pt>
File: images/mdpm/gen4.png Graphic file (type png)
<use images/mdpm/gen4.png>
Package pdftex.def Info: images/mdpm/gen4.png  used on input line 289. on input
 line 289.
Package pdftex.def Info: Requested size: 122.85876pt x 122.86104pt on input lin
e 289.

Overfull \hbox (9.04774pt too wide) in paragraph at lines 289--290
[][]| 
 []


Overfull \hbox (34.24408pt too wide) in paragraph at lines 281--293
 [][] 
 []


Overfull \hbox (19.66258pt too wide) in paragraph at lines 294--300
 [][] 
 []


Underfull \hbox (badness 2065) in paragraph at lines 306--306
[]\OT1/cmr/bx/n/12 Training and In-fer-ence Per-for-
 []


Underfull \hbox (badness 10000) in paragraph at lines 311--311
[][][]\OT1/cmr/m/n/9 Code is avail-able at []$\OT1/cmtt/m/n/9 https : / / githu
b . com /
 []


Underfull \vbox (badness 10000) has occurred while \output is active []

 [9 <./images/figure3/flickr_cmp.png (PNG copy)> <./images/figure3/cgan_cmp.png
 (PNG copy)> <./images/figure3/ugan_cmp.png (PNG copy)> <./images/figure3/uganp
_cmp.png (PNG copy)> <./images/figure3/flickr_crop1.png (PNG copy)> <./images/f
igure3/flickr_crop2.png (PNG copy)> <./images/figure3/cgan_crop1.png (PNG copy)
> <./images/figure3/cgan_crop2.png (PNG copy)> <./images/figure3/ugan_crop1.png
 (PNG copy)> <./images/figure3/ugan_crop2.png (PNG copy)> <./images/figure3/fli
ckr_crop3.png (PNG copy)> <./images/figure3/flickr_crop4.png (PNG copy)> <./ima
ges/figure3/cgan_crop3.png (PNG copy)> <./images/figure3/cgan_crop4.png (PNG co
py)> <./images/figure3/ugan_crop3.png (PNG copy)> <./images/figure3/ugan_crop4.
png (PNG copy)>] [10 <./images/mdpm/real1.png (PNG copy)> <./images/mdpm/real2.
png (PNG copy)> <./images/mdpm/real3.png (PNG copy)> <./images/mdpm/real4.png (
PNG copy)> <./images/mdpm/gen1.png (PNG copy)> <./images/mdpm/gen2.png (PNG cop
y)> <./images/mdpm/gen3.png (PNG copy)> <./images/mdpm/gen4.png (PNG copy)>])
(./tex/conclusions.tex) (./PlainPaper.bbl
Underfull \hbox (badness 5288) in paragraph at lines 4--9
[]\OT1/cmr/m/n/10.95 Mart^^S^^Pn Abadi, Ashish Agar-wal, Paul
 []

[11]
Underfull \hbox (badness 1997) in paragraph at lines 27--33
[]\OT1/cmr/m/n/10.95 Brian Bing-ham, Bren-dan Fo-ley, Hanu-
 []


Underfull \hbox (badness 10000) in paragraph at lines 53--58
[]\OT1/cmr/m/n/10.95 Ian Good-fel-low, Jean Pouget-Abadie,
 []


Underfull \hbox (badness 1546) in paragraph at lines 53--58
\OT1/cmr/m/n/10.95 Mehdi Mirza, Bing Xu, David Warde-
 []


Underfull \hbox (badness 1231) in paragraph at lines 53--58
\OT1/cmr/m/n/10.95 Yoshua Ben-gio.  Gen-er-a-tive ad-ver-sar-ial
 []


Underfull \hbox (badness 2547) in paragraph at lines 66--71
[]\OT1/cmr/m/n/10.95 Satoshi Iizuka, Edgar Simo-Serra, and
 []


Underfull \hbox (badness 1107) in paragraph at lines 66--71
\OT1/cmr/m/n/10.95 Hi-roshi Ishikawa.  Let there be color!:
 []


Underfull \hbox (badness 2452) in paragraph at lines 82--87
[]\OT1/cmr/m/n/10.95 Md Jahidul Is-lam and Ju-naed Sat-tar.
 []


Underfull \hbox (badness 1178) in paragraph at lines 82--87
\OT1/cmr/m/n/10.95 for un-der-wa-ter human-robot in-ter-ac-tion.
 []

[12]
Underfull \hbox (badness 1028) in paragraph at lines 117--122
\OT1/cmr/m/it/10.95 ro-pean Con-fer-ence on Com-puter Vi-sion\OT1/cmr/m/n/10.95
 ,
 []


Underfull \hbox (badness 5036) in paragraph at lines 130--134
[]\OT1/cmr/m/n/10.95 Xudong Mao, Qing Li, Hao-ran Xie,
 []


Underfull \hbox (badness 3547) in paragraph at lines 130--134
\OT1/cmr/m/n/10.95 Ray-mond YK Lau, Zhen Wang, and
 []


Underfull \hbox (badness 2809) in paragraph at lines 154--158
\OT1/cmr/m/n/10.95 Chin-tala.  Un-su-per-vised rep-re-sen-ta-tion
 []


Underfull \hbox (badness 1122) in paragraph at lines 160--164
[]\OT1/cmr/m/n/10.95 Olaf Ron-neberger, Philipp Fis-cher, and
 []


Underfull \hbox (badness 3302) in paragraph at lines 166--172
[]\OT1/cmr/m/n/10.95 Florian Shkurti, Wei-Di Chang, Pe-ter
 []


Underfull \hbox (badness 7925) in paragraph at lines 166--172
\OT1/cmr/m/n/10.95 Hen-der-son, Md Jahidul Is-lam, Juan
 []

[13]
Underfull \hbox (badness 3049) in paragraph at lines 183--186
[]\OT1/cmr/m/n/10.95 Luz Abril Torres-M^^Sendez and Gre-gory
 []


Underfull \hbox (badness 10000) in paragraph at lines 210--213
[]\OT1/cmr/m/n/10.95 Junbo Zhao, Michael Math-ieu, and
 []


Underfull \hbox (badness 1406) in paragraph at lines 210--213
\OT1/cmr/m/n/10.95 Yann Le-Cun.  Energy-based gen-er-a-tive
 []


Underfull \hbox (badness 6978) in paragraph at lines 210--213
\OT1/cmr/m/n/10.95 ad-ver-sar-ial net-work.  \OT1/cmr/m/it/10.95 arXiv preprint

 []


Underfull \hbox (badness 1082) in paragraph at lines 215--219
\OT1/cmr/m/n/10.95 and Alexei A Efros.  Un-paired image-
 []


Underfull \hbox (badness 4805) in paragraph at lines 215--219
\OT1/cmr/m/n/10.95 ad-ver-sar-ial net-works.  \OT1/cmr/m/it/10.95 arXiv preprin
t
 []

)
Package atveryend Info: Empty hook `BeforeClearDocument' on input line 69.
 [14

]
Package atveryend Info: Empty hook `AfterLastShipout' on input line 69.
 (./PlainPaper.aux)
Package atveryend Info: Executing hook `AtVeryEndDocument' on input line 69.
Package atveryend Info: Executing hook `AtEndAfterFileList' on input line 69.
Package rerunfilecheck Info: File `PlainPaper.out' has not changed.
(rerunfilecheck)             Checksum: F5B0FAD1F30A89D2BE017DCA771ECE97;907.


LaTeX Font Warning: Some font shapes were not available, defaults substituted.

Package atveryend Info: Empty hook `AtVeryVeryEnd' on input line 69.
 ) 
Here is how much of TeX's memory you used:
 7399 strings out of 492990
 114790 string characters out of 6136334
 206674 words of memory out of 5000000
 10645 multiletter control sequences out of 15000+600000
 15893 words of font info for 62 fonts, out of 8000000 for 9000
 1144 hyphenation exceptions out of 8191
 33i,13n,37p,938b,428s stack positions out of 5000i,500n,10000p,200000b,80000s
<c:/texlive/2017/texmf-dist/fonts/type1/public/amsfonts/cm/cmbx10.pfb><c:/tex
live/2017/texmf-dist/fonts/type1/public/amsfonts/cm/cmbx12.pfb><c:/texlive/2017
/texmf-dist/fonts/type1/public/amsfonts/cm/cmbx9.pfb><c:/texlive/2017/texmf-dis
t/fonts/type1/public/amsfonts/cm/cmex10.pfb><c:/texlive/2017/texmf-dist/fonts/t
ype1/public/amsfonts/cm/cmmi10.pfb><c:/texlive/2017/texmf-dist/fonts/type1/publ
ic/amsfonts/cm/cmmi6.pfb><c:/texlive/2017/texmf-dist/fonts/type1/public/amsfont
s/cm/cmmi8.pfb><c:/texlive/2017/texmf-dist/fonts/type1/public/amsfonts/cm/cmr10
.pfb><c:/texlive/2017/texmf-dist/fonts/type1/public/amsfonts/cm/cmr12.pfb><c:/t
exlive/2017/texmf-dist/fonts/type1/public/amsfonts/cm/cmr17.pfb><c:/texlive/201
7/texmf-dist/fonts/type1/public/amsfonts/cm/cmr6.pfb><c:/texlive/2017/texmf-dis
t/fonts/type1/public/amsfonts/cm/cmr8.pfb><c:/texlive/2017/texmf-dist/fonts/typ
e1/public/amsfonts/cm/cmr9.pfb><c:/texlive/2017/texmf-dist/fonts/type1/public/a
msfonts/cm/cmsy10.pfb><c:/texlive/2017/texmf-dist/fonts/type1/public/amsfonts/c
m/cmsy8.pfb><c:/texlive/2017/texmf-dist/fonts/type1/public/amsfonts/cm/cmti10.p
fb><c:/texlive/2017/texmf-dist/fonts/type1/public/amsfonts/cm/cmtt9.pfb><c:/tex
live/2017/texmf-dist/fonts/type1/public/amsfonts/symbols/msbm10.pfb>
Output written on PlainPaper.pdf (14 pages, 8242964 bytes).
PDF statistics:
 437 PDF objects out of 1000 (max. 8388607)
 83 named destinations out of 1000 (max. 500000)
 593 words of extra memory for PDF output out of 10000 (max. 10000000)

